[0.592s] Invoking command in '/home/devam/FYP_ROS2/build/ekf_localization': PYTHONPATH=/home/devam/FYP_ROS2/build/ekf_localization/prefix_override:/usr/lib/python3/dist-packages/colcon_core/task/python/colcon_distutils_commands:/home/devam/FYP_ROS2/install/ekf_localization/lib/python3.10/site-packages:${PYTHONPATH} /usr/bin/python3 -W ignore:setup.py install is deprecated -W ignore:easy_install command is deprecated setup.py develop --editable --build-directory /home/devam/FYP_ROS2/build/ekf_localization/build --no-deps symlink_data --force
[0.818s] running develop
[0.955s] running egg_info
[0.962s] writing ekf_localization.egg-info/PKG-INFO
[0.962s] writing dependency_links to ekf_localization.egg-info/dependency_links.txt
[0.963s] writing entry points to ekf_localization.egg-info/entry_points.txt
[0.963s] writing requirements to ekf_localization.egg-info/requires.txt
[0.963s] writing top-level names to ekf_localization.egg-info/top_level.txt
[0.981s] reading manifest file 'ekf_localization.egg-info/SOURCES.txt'
[0.981s] writing manifest file 'ekf_localization.egg-info/SOURCES.txt'
[0.991s] running build_ext
[0.991s] Creating /home/devam/FYP_ROS2/install/ekf_localization/lib/python3.10/site-packages/ekf-localization.egg-link (link to .)
[0.991s] Installing lidar_sub script to /home/devam/FYP_ROS2/install/ekf_localization/lib/ekf_localization
[0.991s] Installing test_pub script to /home/devam/FYP_ROS2/install/ekf_localization/lib/ekf_localization
[0.991s] Installing test_pubsub script to /home/devam/FYP_ROS2/install/ekf_localization/lib/ekf_localization
[0.991s] Installing test_sub script to /home/devam/FYP_ROS2/install/ekf_localization/lib/ekf_localization
[0.991s] 
[0.991s] Installed /home/devam/FYP_ROS2/build/ekf_localization
[0.991s] running symlink_data
[0.991s] symbolically linking /home/devam/FYP_ROS2/build/ekf_localization/resource/ekf_localization -> /home/devam/FYP_ROS2/install/ekf_localization/share/ament_index/resource_index/packages
[0.992s] symbolically linking /home/devam/FYP_ROS2/build/ekf_localization/package.xml -> /home/devam/FYP_ROS2/install/ekf_localization/share/ekf_localization
[1.023s] Invoked command in '/home/devam/FYP_ROS2/build/ekf_localization' returned '0': PYTHONPATH=/home/devam/FYP_ROS2/build/ekf_localization/prefix_override:/usr/lib/python3/dist-packages/colcon_core/task/python/colcon_distutils_commands:/home/devam/FYP_ROS2/install/ekf_localization/lib/python3.10/site-packages:${PYTHONPATH} /usr/bin/python3 -W ignore:setup.py install is deprecated -W ignore:easy_install command is deprecated setup.py develop --editable --build-directory /home/devam/FYP_ROS2/build/ekf_localization/build --no-deps symlink_data --force
