[0.713s] Invoking command in '/home/devam/FYP_ROS2/src/ekf_slam': PYTHONPATH=/home/devam/FYP_ROS2/build/ekf_slam/prefix_override:/usr/lib/python3/dist-packages/colcon_core/task/python/colcon_distutils_commands:/home/devam/FYP_ROS2/install/ekf_slam/lib/python3.10/site-packages:${PYTHONPATH} /usr/bin/python3 -W ignore:setup.py install is deprecated -W ignore:easy_install command is deprecated setup.py egg_info --egg-base ../../build/ekf_slam build --build-base /home/devam/FYP_ROS2/build/ekf_slam/build install --record /home/devam/FYP_ROS2/build/ekf_slam/install.log --single-version-externally-managed install_data
[0.879s] running egg_info
[0.889s] writing ../../build/ekf_slam/ekf_slam.egg-info/PKG-INFO
[0.889s] writing dependency_links to ../../build/ekf_slam/ekf_slam.egg-info/dependency_links.txt
[0.889s] writing entry points to ../../build/ekf_slam/ekf_slam.egg-info/entry_points.txt
[0.890s] writing requirements to ../../build/ekf_slam/ekf_slam.egg-info/requires.txt
[0.890s] writing top-level names to ../../build/ekf_slam/ekf_slam.egg-info/top_level.txt
[0.911s] reading manifest file '../../build/ekf_slam/ekf_slam.egg-info/SOURCES.txt'
[0.912s] writing manifest file '../../build/ekf_slam/ekf_slam.egg-info/SOURCES.txt'
[0.912s] running build
[0.912s] running build_py
[0.912s] copying ekf_slam/difference_estim.py -> /home/devam/FYP_ROS2/build/ekf_slam/build/lib/ekf_slam
[0.912s] copying ekf_slam/test_sub_mat_formn.py -> /home/devam/FYP_ROS2/build/ekf_slam/build/lib/ekf_slam
[0.912s] copying ekf_slam/ekf_slam_v_w.py -> /home/devam/FYP_ROS2/build/ekf_slam/build/lib/ekf_slam
[0.912s] copying ekf_slam/ekf_slam.py -> /home/devam/FYP_ROS2/build/ekf_slam/build/lib/ekf_slam
[0.912s] copying ekf_slam/__init__.py -> /home/devam/FYP_ROS2/build/ekf_slam/build/lib/ekf_slam
[0.912s] copying ekf_slam/test_cylin_pairs.py -> /home/devam/FYP_ROS2/build/ekf_slam/build/lib/ekf_slam
[0.912s] copying ekf_slam/ekf_slam_new_approach.py -> /home/devam/FYP_ROS2/build/ekf_slam/build/lib/ekf_slam
[0.912s] running install
[0.915s] running install_lib
[0.926s] running install_data
[0.926s] copying resource/ekf_slam -> /home/devam/FYP_ROS2/install/ekf_slam/share/ament_index/resource_index/packages
[0.926s] copying package.xml -> /home/devam/FYP_ROS2/install/ekf_slam/share/ekf_slam
[0.926s] creating /home/devam/FYP_ROS2/install/ekf_slam/share/ekf_slam/launch
[0.926s] copying launch/ekf_slam.launch.py -> /home/devam/FYP_ROS2/install/ekf_slam/share/ekf_slam/launch
[0.926s] running install_egg_info
[0.937s] removing '/home/devam/FYP_ROS2/install/ekf_slam/lib/python3.10/site-packages/ekf_slam-0.0.0-py3.10.egg-info' (and everything under it)
[0.937s] Copying ../../build/ekf_slam/ekf_slam.egg-info to /home/devam/FYP_ROS2/install/ekf_slam/lib/python3.10/site-packages/ekf_slam-0.0.0-py3.10.egg-info
[0.937s] running install_scripts
[1.024s] Installing ekf_slam script to /home/devam/FYP_ROS2/install/ekf_slam/lib/ekf_slam
[1.024s] Installing ekf_slam_2 script to /home/devam/FYP_ROS2/install/ekf_slam/lib/ekf_slam
[1.024s] Installing ekf_slam_3 script to /home/devam/FYP_ROS2/install/ekf_slam/lib/ekf_slam
[1.024s] writing list of installed files to '/home/devam/FYP_ROS2/build/ekf_slam/install.log'
[1.039s] Invoked command in '/home/devam/FYP_ROS2/src/ekf_slam' returned '0': PYTHONPATH=/home/devam/FYP_ROS2/build/ekf_slam/prefix_override:/usr/lib/python3/dist-packages/colcon_core/task/python/colcon_distutils_commands:/home/devam/FYP_ROS2/install/ekf_slam/lib/python3.10/site-packages:${PYTHONPATH} /usr/bin/python3 -W ignore:setup.py install is deprecated -W ignore:easy_install command is deprecated setup.py egg_info --egg-base ../../build/ekf_slam build --build-base /home/devam/FYP_ROS2/build/ekf_slam/build install --record /home/devam/FYP_ROS2/build/ekf_slam/install.log --single-version-externally-managed install_data
