[0.938s] Invoking command in '/home/devam/FYP_ROS2/build/ekf_localization': PYTHONPATH=/home/devam/FYP_ROS2/build/ekf_localization/prefix_override:/usr/lib/python3/dist-packages/colcon_core/task/python/colcon_distutils_commands:/home/devam/FYP_ROS2/install/ekf_localization/lib/python3.10/site-packages:${PYTHONPATH} /usr/bin/python3 -W ignore:setup.py install is deprecated -W ignore:easy_install command is deprecated setup.py develop --editable --build-directory /home/devam/FYP_ROS2/build/ekf_localization/build --no-deps symlink_data --force
[1.302s] running develop
[1.536s] running egg_info
[1.551s] writing ekf_localization.egg-info/PKG-INFO
[1.551s] writing dependency_links to ekf_localization.egg-info/dependency_links.txt
[1.551s] writing entry points to ekf_localization.egg-info/entry_points.txt
[1.551s] writing requirements to ekf_localization.egg-info/requires.txt
[1.551s] writing top-level names to ekf_localization.egg-info/top_level.txt
[1.580s] reading manifest file 'ekf_localization.egg-info/SOURCES.txt'
[1.580s] writing manifest file 'ekf_localization.egg-info/SOURCES.txt'
[1.595s] running build_ext
[1.595s] Creating /home/devam/FYP_ROS2/install/ekf_localization/lib/python3.10/site-packages/ekf-localization.egg-link (link to .)
[1.596s] Installing lidar_sub script to /home/devam/FYP_ROS2/install/ekf_localization/lib/ekf_localization
[1.596s] Installing odom_sub script to /home/devam/FYP_ROS2/install/ekf_localization/lib/ekf_localization
[1.596s] Installing test_pub script to /home/devam/FYP_ROS2/install/ekf_localization/lib/ekf_localization
[1.596s] Installing test_pubsub script to /home/devam/FYP_ROS2/install/ekf_localization/lib/ekf_localization
[1.596s] Installing test_sub script to /home/devam/FYP_ROS2/install/ekf_localization/lib/ekf_localization
[1.596s] 
[1.596s] Installed /home/devam/FYP_ROS2/build/ekf_localization
[1.596s] running symlink_data
[1.596s] symbolically linking /home/devam/FYP_ROS2/build/ekf_localization/resource/ekf_localization -> /home/devam/FYP_ROS2/install/ekf_localization/share/ament_index/resource_index/packages
[1.597s] symbolically linking /home/devam/FYP_ROS2/build/ekf_localization/package.xml -> /home/devam/FYP_ROS2/install/ekf_localization/share/ekf_localization
[1.641s] Invoked command in '/home/devam/FYP_ROS2/build/ekf_localization' returned '0': PYTHONPATH=/home/devam/FYP_ROS2/build/ekf_localization/prefix_override:/usr/lib/python3/dist-packages/colcon_core/task/python/colcon_distutils_commands:/home/devam/FYP_ROS2/install/ekf_localization/lib/python3.10/site-packages:${PYTHONPATH} /usr/bin/python3 -W ignore:setup.py install is deprecated -W ignore:easy_install command is deprecated setup.py develop --editable --build-directory /home/devam/FYP_ROS2/build/ekf_localization/build --no-deps symlink_data --force
