[0.052s] DEBUG:colcon:Command line arguments: ['/usr/bin/colcon', 'build']
[0.052s] DEBUG:colcon:Parsed command line arguments: Namespace(log_base=None, log_level=None, verb_name='build', build_base='build', install_base='install', merge_install=False, symlink_install=False, test_result_base=None, continue_on_error=False, executor='parallel', parallel_workers=24, event_handlers=None, ignore_user_meta=False, metas=['./colcon.meta'], base_paths=['.'], packages_ignore=None, packages_ignore_regex=None, paths=None, packages_up_to=None, packages_up_to_regex=None, packages_above=None, packages_above_and_dependencies=None, packages_above_depth=None, packages_select_by_dep=None, packages_skip_by_dep=None, packages_skip_up_to=None, packages_select_build_failed=False, packages_skip_build_finished=False, packages_select_test_failures=False, packages_skip_test_passed=False, packages_select=None, packages_skip=None, packages_select_regex=None, packages_skip_regex=None, packages_start=None, packages_end=None, allow_overriding=[], cmake_args=None, cmake_target=None, cmake_target_skip_unavailable=False, cmake_clean_cache=False, cmake_clean_first=False, cmake_force_configure=False, ament_cmake_args=None, catkin_cmake_args=None, catkin_skip_building_tests=False, mixin_files=None, mixin=None, verb_parser=<colcon_mixin.mixin.mixin_argument.MixinArgumentDecorator object at 0x771797caa740>, verb_extension=<colcon_core.verb.build.BuildVerb object at 0x771797d976d0>, main=<bound method BuildVerb.main of <colcon_core.verb.build.BuildVerb object at 0x771797d976d0>>, mixin_verb=('build',))
[0.071s] Level 1:colcon.colcon_core.package_discovery:discover_packages(colcon_meta) check parameters
[0.071s] Level 1:colcon.colcon_core.package_discovery:discover_packages(recursive) check parameters
[0.071s] Level 1:colcon.colcon_core.package_discovery:discover_packages(ignore) check parameters
[0.071s] Level 1:colcon.colcon_core.package_discovery:discover_packages(path) check parameters
[0.071s] Level 1:colcon.colcon_core.package_discovery:discover_packages(colcon_meta) discover
[0.071s] Level 1:colcon.colcon_core.package_discovery:discover_packages(recursive) discover
[0.071s] INFO:colcon.colcon_core.package_discovery:Crawling recursively for packages in '/home/devam/FYP_ROS2'
[0.071s] Level 1:colcon.colcon_core.package_identification:_identify(.) by extensions ['ignore', 'ignore_ament_install']
[0.071s] Level 1:colcon.colcon_core.package_identification:_identify(.) by extension 'ignore'
[0.071s] Level 1:colcon.colcon_core.package_identification:_identify(.) by extension 'ignore_ament_install'
[0.071s] Level 1:colcon.colcon_core.package_identification:_identify(.) by extensions ['colcon_pkg']
[0.071s] Level 1:colcon.colcon_core.package_identification:_identify(.) by extension 'colcon_pkg'
[0.071s] Level 1:colcon.colcon_core.package_identification:_identify(.) by extensions ['colcon_meta']
[0.071s] Level 1:colcon.colcon_core.package_identification:_identify(.) by extension 'colcon_meta'
[0.071s] Level 1:colcon.colcon_core.package_identification:_identify(.) by extensions ['ros']
[0.071s] Level 1:colcon.colcon_core.package_identification:_identify(.) by extension 'ros'
[0.078s] Level 1:colcon.colcon_core.package_identification:_identify(.) by extensions ['cmake', 'python']
[0.078s] Level 1:colcon.colcon_core.package_identification:_identify(.) by extension 'cmake'
[0.078s] Level 1:colcon.colcon_core.package_identification:_identify(.) by extension 'python'
[0.078s] Level 1:colcon.colcon_core.package_identification:_identify(.) by extensions ['python_setup_py']
[0.078s] Level 1:colcon.colcon_core.package_identification:_identify(.) by extension 'python_setup_py'
[0.079s] Level 1:colcon.colcon_core.package_identification:_identify(build) by extensions ['ignore', 'ignore_ament_install']
[0.079s] Level 1:colcon.colcon_core.package_identification:_identify(build) by extension 'ignore'
[0.079s] Level 1:colcon.colcon_core.package_identification:_identify(build) ignored
[0.079s] Level 1:colcon.colcon_core.package_identification:_identify(install) by extensions ['ignore', 'ignore_ament_install']
[0.079s] Level 1:colcon.colcon_core.package_identification:_identify(install) by extension 'ignore'
[0.079s] Level 1:colcon.colcon_core.package_identification:_identify(install) ignored
[0.079s] Level 1:colcon.colcon_core.package_identification:_identify(log) by extensions ['ignore', 'ignore_ament_install']
[0.079s] Level 1:colcon.colcon_core.package_identification:_identify(log) by extension 'ignore'
[0.079s] Level 1:colcon.colcon_core.package_identification:_identify(log) ignored
[0.079s] Level 1:colcon.colcon_core.package_identification:_identify(src) by extensions ['ignore', 'ignore_ament_install']
[0.079s] Level 1:colcon.colcon_core.package_identification:_identify(src) by extension 'ignore'
[0.079s] Level 1:colcon.colcon_core.package_identification:_identify(src) by extension 'ignore_ament_install'
[0.079s] Level 1:colcon.colcon_core.package_identification:_identify(src) by extensions ['colcon_pkg']
[0.079s] Level 1:colcon.colcon_core.package_identification:_identify(src) by extension 'colcon_pkg'
[0.079s] Level 1:colcon.colcon_core.package_identification:_identify(src) by extensions ['colcon_meta']
[0.079s] Level 1:colcon.colcon_core.package_identification:_identify(src) by extension 'colcon_meta'
[0.079s] Level 1:colcon.colcon_core.package_identification:_identify(src) by extensions ['ros']
[0.079s] Level 1:colcon.colcon_core.package_identification:_identify(src) by extension 'ros'
[0.079s] Level 1:colcon.colcon_core.package_identification:_identify(src) by extensions ['cmake', 'python']
[0.079s] Level 1:colcon.colcon_core.package_identification:_identify(src) by extension 'cmake'
[0.079s] Level 1:colcon.colcon_core.package_identification:_identify(src) by extension 'python'
[0.079s] Level 1:colcon.colcon_core.package_identification:_identify(src) by extensions ['python_setup_py']
[0.079s] Level 1:colcon.colcon_core.package_identification:_identify(src) by extension 'python_setup_py'
[0.079s] Level 1:colcon.colcon_core.package_identification:_identify(src/ekf_localization) by extensions ['ignore', 'ignore_ament_install']
[0.079s] Level 1:colcon.colcon_core.package_identification:_identify(src/ekf_localization) by extension 'ignore'
[0.079s] Level 1:colcon.colcon_core.package_identification:_identify(src/ekf_localization) by extension 'ignore_ament_install'
[0.079s] Level 1:colcon.colcon_core.package_identification:_identify(src/ekf_localization) by extensions ['colcon_pkg']
[0.079s] Level 1:colcon.colcon_core.package_identification:_identify(src/ekf_localization) by extension 'colcon_pkg'
[0.079s] Level 1:colcon.colcon_core.package_identification:_identify(src/ekf_localization) by extensions ['colcon_meta']
[0.079s] Level 1:colcon.colcon_core.package_identification:_identify(src/ekf_localization) by extension 'colcon_meta'
[0.079s] Level 1:colcon.colcon_core.package_identification:_identify(src/ekf_localization) by extensions ['ros']
[0.079s] Level 1:colcon.colcon_core.package_identification:_identify(src/ekf_localization) by extension 'ros'
[0.081s] DEBUG:colcon.colcon_core.package_identification:Package 'src/ekf_localization' with type 'ros.ament_python' and name 'ekf_localization'
[0.081s] Level 1:colcon.colcon_core.package_identification:_identify(src/ekf_slam) by extensions ['ignore', 'ignore_ament_install']
[0.081s] Level 1:colcon.colcon_core.package_identification:_identify(src/ekf_slam) by extension 'ignore'
[0.081s] Level 1:colcon.colcon_core.package_identification:_identify(src/ekf_slam) by extension 'ignore_ament_install'
[0.081s] Level 1:colcon.colcon_core.package_identification:_identify(src/ekf_slam) by extensions ['colcon_pkg']
[0.081s] Level 1:colcon.colcon_core.package_identification:_identify(src/ekf_slam) by extension 'colcon_pkg'
[0.081s] Level 1:colcon.colcon_core.package_identification:_identify(src/ekf_slam) by extensions ['colcon_meta']
[0.081s] Level 1:colcon.colcon_core.package_identification:_identify(src/ekf_slam) by extension 'colcon_meta'
[0.081s] Level 1:colcon.colcon_core.package_identification:_identify(src/ekf_slam) by extensions ['ros']
[0.081s] Level 1:colcon.colcon_core.package_identification:_identify(src/ekf_slam) by extension 'ros'
[0.081s] DEBUG:colcon.colcon_core.package_identification:Package 'src/ekf_slam' with type 'ros.ament_python' and name 'ekf_slam'
[0.081s] Level 1:colcon.colcon_core.package_identification:_identify(src/occ_map_creator) by extensions ['ignore', 'ignore_ament_install']
[0.081s] Level 1:colcon.colcon_core.package_identification:_identify(src/occ_map_creator) by extension 'ignore'
[0.081s] Level 1:colcon.colcon_core.package_identification:_identify(src/occ_map_creator) by extension 'ignore_ament_install'
[0.081s] Level 1:colcon.colcon_core.package_identification:_identify(src/occ_map_creator) by extensions ['colcon_pkg']
[0.081s] Level 1:colcon.colcon_core.package_identification:_identify(src/occ_map_creator) by extension 'colcon_pkg'
[0.081s] Level 1:colcon.colcon_core.package_identification:_identify(src/occ_map_creator) by extensions ['colcon_meta']
[0.081s] Level 1:colcon.colcon_core.package_identification:_identify(src/occ_map_creator) by extension 'colcon_meta'
[0.081s] Level 1:colcon.colcon_core.package_identification:_identify(src/occ_map_creator) by extensions ['ros']
[0.081s] Level 1:colcon.colcon_core.package_identification:_identify(src/occ_map_creator) by extension 'ros'
[0.082s] DEBUG:colcon.colcon_core.package_identification:Package 'src/occ_map_creator' with type 'ros.ament_python' and name 'occ_map_creator'
[0.082s] Level 1:colcon.colcon_core.package_discovery:discover_packages(recursive) using defaults
[0.082s] Level 1:colcon.colcon_core.package_discovery:discover_packages(ignore) discover
[0.082s] Level 1:colcon.colcon_core.package_discovery:discover_packages(ignore) using defaults
[0.082s] Level 1:colcon.colcon_core.package_discovery:discover_packages(path) discover
[0.082s] Level 1:colcon.colcon_core.package_discovery:discover_packages(path) using defaults
[0.091s] Level 1:colcon.colcon_core.package_discovery:discover_packages(prefix_path) check parameters
[0.091s] Level 1:colcon.colcon_core.package_discovery:discover_packages(prefix_path) discover
[0.092s] DEBUG:colcon.colcon_installed_package_information.package_discovery:Found 3 installed packages in /home/devam/turtlebot3_ws/install
[0.092s] DEBUG:colcon.colcon_installed_package_information.package_discovery:Found 8 installed packages in /home/devam/turtlebot4_ws/install
[0.093s] DEBUG:colcon.colcon_installed_package_information.package_discovery:Found 3 installed packages in /home/devam/FYP_ROS2/install
[0.094s] DEBUG:colcon.colcon_installed_package_information.package_discovery:Found 487 installed packages in /opt/ros/humble
[0.095s] Level 1:colcon.colcon_core.package_discovery:discover_packages(prefix_path) using defaults
[0.123s] Level 5:colcon.colcon_core.verb:set package 'ekf_localization' build argument 'cmake_args' from command line to 'None'
[0.123s] Level 5:colcon.colcon_core.verb:set package 'ekf_localization' build argument 'cmake_target' from command line to 'None'
[0.123s] Level 5:colcon.colcon_core.verb:set package 'ekf_localization' build argument 'cmake_target_skip_unavailable' from command line to 'False'
[0.123s] Level 5:colcon.colcon_core.verb:set package 'ekf_localization' build argument 'cmake_clean_cache' from command line to 'False'
[0.123s] Level 5:colcon.colcon_core.verb:set package 'ekf_localization' build argument 'cmake_clean_first' from command line to 'False'
[0.123s] Level 5:colcon.colcon_core.verb:set package 'ekf_localization' build argument 'cmake_force_configure' from command line to 'False'
[0.123s] Level 5:colcon.colcon_core.verb:set package 'ekf_localization' build argument 'ament_cmake_args' from command line to 'None'
[0.123s] Level 5:colcon.colcon_core.verb:set package 'ekf_localization' build argument 'catkin_cmake_args' from command line to 'None'
[0.123s] Level 5:colcon.colcon_core.verb:set package 'ekf_localization' build argument 'catkin_skip_building_tests' from command line to 'False'
[0.123s] DEBUG:colcon.colcon_core.verb:Building package 'ekf_localization' with the following arguments: {'ament_cmake_args': None, 'build_base': '/home/devam/FYP_ROS2/build/ekf_localization', 'catkin_cmake_args': None, 'catkin_skip_building_tests': False, 'cmake_args': None, 'cmake_clean_cache': False, 'cmake_clean_first': False, 'cmake_force_configure': False, 'cmake_target': None, 'cmake_target_skip_unavailable': False, 'install_base': '/home/devam/FYP_ROS2/install/ekf_localization', 'merge_install': False, 'path': '/home/devam/FYP_ROS2/src/ekf_localization', 'symlink_install': False, 'test_result_base': None}
[0.123s] Level 5:colcon.colcon_core.verb:set package 'ekf_slam' build argument 'cmake_args' from command line to 'None'
[0.123s] Level 5:colcon.colcon_core.verb:set package 'ekf_slam' build argument 'cmake_target' from command line to 'None'
[0.123s] Level 5:colcon.colcon_core.verb:set package 'ekf_slam' build argument 'cmake_target_skip_unavailable' from command line to 'False'
[0.123s] Level 5:colcon.colcon_core.verb:set package 'ekf_slam' build argument 'cmake_clean_cache' from command line to 'False'
[0.123s] Level 5:colcon.colcon_core.verb:set package 'ekf_slam' build argument 'cmake_clean_first' from command line to 'False'
[0.123s] Level 5:colcon.colcon_core.verb:set package 'ekf_slam' build argument 'cmake_force_configure' from command line to 'False'
[0.123s] Level 5:colcon.colcon_core.verb:set package 'ekf_slam' build argument 'ament_cmake_args' from command line to 'None'
[0.123s] Level 5:colcon.colcon_core.verb:set package 'ekf_slam' build argument 'catkin_cmake_args' from command line to 'None'
[0.123s] Level 5:colcon.colcon_core.verb:set package 'ekf_slam' build argument 'catkin_skip_building_tests' from command line to 'False'
[0.123s] DEBUG:colcon.colcon_core.verb:Building package 'ekf_slam' with the following arguments: {'ament_cmake_args': None, 'build_base': '/home/devam/FYP_ROS2/build/ekf_slam', 'catkin_cmake_args': None, 'catkin_skip_building_tests': False, 'cmake_args': None, 'cmake_clean_cache': False, 'cmake_clean_first': False, 'cmake_force_configure': False, 'cmake_target': None, 'cmake_target_skip_unavailable': False, 'install_base': '/home/devam/FYP_ROS2/install/ekf_slam', 'merge_install': False, 'path': '/home/devam/FYP_ROS2/src/ekf_slam', 'symlink_install': False, 'test_result_base': None}
[0.123s] Level 5:colcon.colcon_core.verb:set package 'occ_map_creator' build argument 'cmake_args' from command line to 'None'
[0.123s] Level 5:colcon.colcon_core.verb:set package 'occ_map_creator' build argument 'cmake_target' from command line to 'None'
[0.123s] Level 5:colcon.colcon_core.verb:set package 'occ_map_creator' build argument 'cmake_target_skip_unavailable' from command line to 'False'
[0.123s] Level 5:colcon.colcon_core.verb:set package 'occ_map_creator' build argument 'cmake_clean_cache' from command line to 'False'
[0.123s] Level 5:colcon.colcon_core.verb:set package 'occ_map_creator' build argument 'cmake_clean_first' from command line to 'False'
[0.123s] Level 5:colcon.colcon_core.verb:set package 'occ_map_creator' build argument 'cmake_force_configure' from command line to 'False'
[0.123s] Level 5:colcon.colcon_core.verb:set package 'occ_map_creator' build argument 'ament_cmake_args' from command line to 'None'
[0.123s] Level 5:colcon.colcon_core.verb:set package 'occ_map_creator' build argument 'catkin_cmake_args' from command line to 'None'
[0.123s] Level 5:colcon.colcon_core.verb:set package 'occ_map_creator' build argument 'catkin_skip_building_tests' from command line to 'False'
[0.123s] DEBUG:colcon.colcon_core.verb:Building package 'occ_map_creator' with the following arguments: {'ament_cmake_args': None, 'build_base': '/home/devam/FYP_ROS2/build/occ_map_creator', 'catkin_cmake_args': None, 'catkin_skip_building_tests': False, 'cmake_args': None, 'cmake_clean_cache': False, 'cmake_clean_first': False, 'cmake_force_configure': False, 'cmake_target': None, 'cmake_target_skip_unavailable': False, 'install_base': '/home/devam/FYP_ROS2/install/occ_map_creator', 'merge_install': False, 'path': '/home/devam/FYP_ROS2/src/occ_map_creator', 'symlink_install': False, 'test_result_base': None}
[0.123s] INFO:colcon.colcon_core.executor:Executing jobs using 'parallel' executor
[0.124s] DEBUG:colcon.colcon_parallel_executor.executor.parallel:run_until_complete
[0.124s] INFO:colcon.colcon_ros.task.ament_python.build:Building ROS package in '/home/devam/FYP_ROS2/src/ekf_localization' with build type 'ament_python'
[0.124s] Level 1:colcon.colcon_core.shell:create_environment_hook('ekf_localization', 'ament_prefix_path')
[0.125s] INFO:colcon.colcon_core.plugin_system:Skipping extension 'colcon_core.shell.bat': Not used on non-Windows systems
[0.126s] INFO:colcon.colcon_core.shell:Creating environment hook '/home/devam/FYP_ROS2/install/ekf_localization/share/ekf_localization/hook/ament_prefix_path.ps1'
[0.126s] INFO:colcon.colcon_core.shell:Creating environment descriptor '/home/devam/FYP_ROS2/install/ekf_localization/share/ekf_localization/hook/ament_prefix_path.dsv'
[0.126s] INFO:colcon.colcon_core.shell:Creating environment hook '/home/devam/FYP_ROS2/install/ekf_localization/share/ekf_localization/hook/ament_prefix_path.sh'
[0.126s] INFO:colcon.colcon_core.shell:Skip shell extension 'powershell' for command environment: Not usable outside of PowerShell
[0.126s] DEBUG:colcon.colcon_core.shell:Skip shell extension 'dsv' for command environment
[0.129s] INFO:colcon.colcon_ros.task.ament_python.build:Building ROS package in '/home/devam/FYP_ROS2/src/ekf_slam' with build type 'ament_python'
[0.129s] Level 1:colcon.colcon_core.shell:create_environment_hook('ekf_slam', 'ament_prefix_path')
[0.129s] INFO:colcon.colcon_core.shell:Creating environment hook '/home/devam/FYP_ROS2/install/ekf_slam/share/ekf_slam/hook/ament_prefix_path.ps1'
[0.129s] INFO:colcon.colcon_core.shell:Creating environment descriptor '/home/devam/FYP_ROS2/install/ekf_slam/share/ekf_slam/hook/ament_prefix_path.dsv'
[0.130s] INFO:colcon.colcon_core.shell:Creating environment hook '/home/devam/FYP_ROS2/install/ekf_slam/share/ekf_slam/hook/ament_prefix_path.sh'
[0.130s] INFO:colcon.colcon_core.shell:Skip shell extension 'powershell' for command environment: Not usable outside of PowerShell
[0.130s] DEBUG:colcon.colcon_core.shell:Skip shell extension 'dsv' for command environment
[0.133s] INFO:colcon.colcon_ros.task.ament_python.build:Building ROS package in '/home/devam/FYP_ROS2/src/occ_map_creator' with build type 'ament_python'
[0.133s] Level 1:colcon.colcon_core.shell:create_environment_hook('occ_map_creator', 'ament_prefix_path')
[0.133s] INFO:colcon.colcon_core.shell:Creating environment hook '/home/devam/FYP_ROS2/install/occ_map_creator/share/occ_map_creator/hook/ament_prefix_path.ps1'
[0.133s] INFO:colcon.colcon_core.shell:Creating environment descriptor '/home/devam/FYP_ROS2/install/occ_map_creator/share/occ_map_creator/hook/ament_prefix_path.dsv'
[0.133s] INFO:colcon.colcon_core.shell:Creating environment hook '/home/devam/FYP_ROS2/install/occ_map_creator/share/occ_map_creator/hook/ament_prefix_path.sh'
[0.134s] INFO:colcon.colcon_core.shell:Skip shell extension 'powershell' for command environment: Not usable outside of PowerShell
[0.134s] DEBUG:colcon.colcon_core.shell:Skip shell extension 'dsv' for command environment
[0.260s] INFO:colcon.colcon_core.task.python.build:Building Python package in '/home/devam/FYP_ROS2/src/ekf_localization'
[0.260s] INFO:colcon.colcon_core.shell:Skip shell extension 'powershell' for command environment: Not usable outside of PowerShell
[0.260s] DEBUG:colcon.colcon_core.shell:Skip shell extension 'dsv' for command environment
[0.371s] INFO:colcon.colcon_core.task.python.build:Building Python package in '/home/devam/FYP_ROS2/src/ekf_slam'
[0.372s] INFO:colcon.colcon_core.shell:Skip shell extension 'powershell' for command environment: Not usable outside of PowerShell
[0.372s] DEBUG:colcon.colcon_core.shell:Skip shell extension 'dsv' for command environment
[0.496s] INFO:colcon.colcon_core.task.python.build:Building Python package in '/home/devam/FYP_ROS2/src/occ_map_creator'
[0.496s] INFO:colcon.colcon_core.shell:Skip shell extension 'powershell' for command environment: Not usable outside of PowerShell
[0.496s] DEBUG:colcon.colcon_core.shell:Skip shell extension 'dsv' for command environment
[0.796s] DEBUG:colcon.colcon_core.event_handler.log_command:Invoking command in '/home/devam/FYP_ROS2/src/ekf_localization': PYTHONPATH=/home/devam/FYP_ROS2/build/ekf_localization/prefix_override:/usr/lib/python3/dist-packages/colcon_core/task/python/colcon_distutils_commands:/home/devam/FYP_ROS2/install/ekf_localization/lib/python3.10/site-packages:${PYTHONPATH} /usr/bin/python3 -W ignore:setup.py install is deprecated -W ignore:easy_install command is deprecated setup.py egg_info --egg-base ../../build/ekf_localization build --build-base /home/devam/FYP_ROS2/build/ekf_localization/build install --record /home/devam/FYP_ROS2/build/ekf_localization/install.log --single-version-externally-managed install_data
[0.805s] DEBUG:colcon.colcon_core.event_handler.log_command:Invoking command in '/home/devam/FYP_ROS2/src/occ_map_creator': PYTHONPATH=/home/devam/FYP_ROS2/build/occ_map_creator/prefix_override:/usr/lib/python3/dist-packages/colcon_core/task/python/colcon_distutils_commands:/home/devam/FYP_ROS2/install/occ_map_creator/lib/python3.10/site-packages:${PYTHONPATH} /usr/bin/python3 -W ignore:setup.py install is deprecated -W ignore:easy_install command is deprecated setup.py egg_info --egg-base ../../build/occ_map_creator build --build-base /home/devam/FYP_ROS2/build/occ_map_creator/build install --record /home/devam/FYP_ROS2/build/occ_map_creator/install.log --single-version-externally-managed install_data
[0.843s] DEBUG:colcon.colcon_core.event_handler.log_command:Invoking command in '/home/devam/FYP_ROS2/src/ekf_slam': PYTHONPATH=/home/devam/FYP_ROS2/build/ekf_slam/prefix_override:/usr/lib/python3/dist-packages/colcon_core/task/python/colcon_distutils_commands:/home/devam/FYP_ROS2/install/ekf_slam/lib/python3.10/site-packages:${PYTHONPATH} /usr/bin/python3 -W ignore:setup.py install is deprecated -W ignore:easy_install command is deprecated setup.py egg_info --egg-base ../../build/ekf_slam build --build-base /home/devam/FYP_ROS2/build/ekf_slam/build install --record /home/devam/FYP_ROS2/build/ekf_slam/install.log --single-version-externally-managed install_data
[1.073s] DEBUG:colcon.colcon_core.event_handler.log_command:Invoked command in '/home/devam/FYP_ROS2/src/ekf_localization' returned '0': PYTHONPATH=/home/devam/FYP_ROS2/build/ekf_localization/prefix_override:/usr/lib/python3/dist-packages/colcon_core/task/python/colcon_distutils_commands:/home/devam/FYP_ROS2/install/ekf_localization/lib/python3.10/site-packages:${PYTHONPATH} /usr/bin/python3 -W ignore:setup.py install is deprecated -W ignore:easy_install command is deprecated setup.py egg_info --egg-base ../../build/ekf_localization build --build-base /home/devam/FYP_ROS2/build/ekf_localization/build install --record /home/devam/FYP_ROS2/build/ekf_localization/install.log --single-version-externally-managed install_data
[1.075s] Level 1:colcon.colcon_core.environment:checking '/home/devam/FYP_ROS2/install/ekf_localization' for CMake module files
[1.075s] Level 1:colcon.colcon_core.environment:checking '/home/devam/FYP_ROS2/install/ekf_localization' for CMake config files
[1.075s] Level 1:colcon.colcon_core.environment:checking '/home/devam/FYP_ROS2/install/ekf_localization/lib'
[1.075s] Level 1:colcon.colcon_core.environment:checking '/home/devam/FYP_ROS2/install/ekf_localization/bin'
[1.075s] Level 1:colcon.colcon_core.environment:checking '/home/devam/FYP_ROS2/install/ekf_localization/lib/pkgconfig/ekf_localization.pc'
[1.075s] Level 1:colcon.colcon_core.environment:checking '/home/devam/FYP_ROS2/install/ekf_localization/lib/python3.10/site-packages'
[1.075s] Level 1:colcon.colcon_core.shell:create_environment_hook('ekf_localization', 'pythonpath')
[1.076s] INFO:colcon.colcon_core.shell:Creating environment hook '/home/devam/FYP_ROS2/install/ekf_localization/share/ekf_localization/hook/pythonpath.ps1'
[1.076s] INFO:colcon.colcon_core.shell:Creating environment descriptor '/home/devam/FYP_ROS2/install/ekf_localization/share/ekf_localization/hook/pythonpath.dsv'
[1.076s] INFO:colcon.colcon_core.shell:Creating environment hook '/home/devam/FYP_ROS2/install/ekf_localization/share/ekf_localization/hook/pythonpath.sh'
[1.076s] Level 1:colcon.colcon_core.environment:checking '/home/devam/FYP_ROS2/install/ekf_localization/bin'
[1.076s] Level 1:colcon.colcon_core.environment:create_environment_scripts_only(ekf_localization)
[1.076s] INFO:colcon.colcon_core.shell:Creating package script '/home/devam/FYP_ROS2/install/ekf_localization/share/ekf_localization/package.ps1'
[1.077s] INFO:colcon.colcon_core.shell:Creating package descriptor '/home/devam/FYP_ROS2/install/ekf_localization/share/ekf_localization/package.dsv'
[1.077s] INFO:colcon.colcon_core.shell:Creating package script '/home/devam/FYP_ROS2/install/ekf_localization/share/ekf_localization/package.sh'
[1.077s] INFO:colcon.colcon_core.shell:Creating package script '/home/devam/FYP_ROS2/install/ekf_localization/share/ekf_localization/package.bash'
[1.078s] INFO:colcon.colcon_core.shell:Creating package script '/home/devam/FYP_ROS2/install/ekf_localization/share/ekf_localization/package.zsh'
[1.078s] Level 1:colcon.colcon_core.environment:create_file_with_runtime_dependencies(/home/devam/FYP_ROS2/install/ekf_localization/share/colcon-core/packages/ekf_localization)
[1.082s] Level 1:colcon.colcon_core.environment:checking '/home/devam/FYP_ROS2/install/occ_map_creator' for CMake module files
[1.083s] DEBUG:colcon.colcon_core.event_handler.log_command:Invoked command in '/home/devam/FYP_ROS2/src/occ_map_creator' returned '0': PYTHONPATH=/home/devam/FYP_ROS2/build/occ_map_creator/prefix_override:/usr/lib/python3/dist-packages/colcon_core/task/python/colcon_distutils_commands:/home/devam/FYP_ROS2/install/occ_map_creator/lib/python3.10/site-packages:${PYTHONPATH} /usr/bin/python3 -W ignore:setup.py install is deprecated -W ignore:easy_install command is deprecated setup.py egg_info --egg-base ../../build/occ_map_creator build --build-base /home/devam/FYP_ROS2/build/occ_map_creator/build install --record /home/devam/FYP_ROS2/build/occ_map_creator/install.log --single-version-externally-managed install_data
[1.083s] Level 1:colcon.colcon_core.environment:checking '/home/devam/FYP_ROS2/install/occ_map_creator' for CMake config files
[1.083s] Level 1:colcon.colcon_core.environment:checking '/home/devam/FYP_ROS2/install/occ_map_creator/lib'
[1.083s] Level 1:colcon.colcon_core.environment:checking '/home/devam/FYP_ROS2/install/occ_map_creator/bin'
[1.083s] Level 1:colcon.colcon_core.environment:checking '/home/devam/FYP_ROS2/install/occ_map_creator/lib/pkgconfig/occ_map_creator.pc'
[1.083s] Level 1:colcon.colcon_core.environment:checking '/home/devam/FYP_ROS2/install/occ_map_creator/lib/python3.10/site-packages'
[1.083s] Level 1:colcon.colcon_core.shell:create_environment_hook('occ_map_creator', 'pythonpath')
[1.084s] INFO:colcon.colcon_core.shell:Creating environment hook '/home/devam/FYP_ROS2/install/occ_map_creator/share/occ_map_creator/hook/pythonpath.ps1'
[1.084s] INFO:colcon.colcon_core.shell:Creating environment descriptor '/home/devam/FYP_ROS2/install/occ_map_creator/share/occ_map_creator/hook/pythonpath.dsv'
[1.084s] INFO:colcon.colcon_core.shell:Creating environment hook '/home/devam/FYP_ROS2/install/occ_map_creator/share/occ_map_creator/hook/pythonpath.sh'
[1.084s] Level 1:colcon.colcon_core.environment:checking '/home/devam/FYP_ROS2/install/occ_map_creator/bin'
[1.084s] Level 1:colcon.colcon_core.environment:create_environment_scripts_only(occ_map_creator)
[1.084s] INFO:colcon.colcon_core.shell:Creating package script '/home/devam/FYP_ROS2/install/occ_map_creator/share/occ_map_creator/package.ps1'
[1.085s] INFO:colcon.colcon_core.shell:Creating package descriptor '/home/devam/FYP_ROS2/install/occ_map_creator/share/occ_map_creator/package.dsv'
[1.085s] INFO:colcon.colcon_core.shell:Creating package script '/home/devam/FYP_ROS2/install/occ_map_creator/share/occ_map_creator/package.sh'
[1.085s] INFO:colcon.colcon_core.shell:Creating package script '/home/devam/FYP_ROS2/install/occ_map_creator/share/occ_map_creator/package.bash'
[1.085s] INFO:colcon.colcon_core.shell:Creating package script '/home/devam/FYP_ROS2/install/occ_map_creator/share/occ_map_creator/package.zsh'
[1.085s] Level 1:colcon.colcon_core.environment:create_file_with_runtime_dependencies(/home/devam/FYP_ROS2/install/occ_map_creator/share/colcon-core/packages/occ_map_creator)
[1.168s] Level 1:colcon.colcon_core.environment:checking '/home/devam/FYP_ROS2/install/ekf_slam' for CMake module files
[1.168s] DEBUG:colcon.colcon_core.event_handler.log_command:Invoked command in '/home/devam/FYP_ROS2/src/ekf_slam' returned '0': PYTHONPATH=/home/devam/FYP_ROS2/build/ekf_slam/prefix_override:/usr/lib/python3/dist-packages/colcon_core/task/python/colcon_distutils_commands:/home/devam/FYP_ROS2/install/ekf_slam/lib/python3.10/site-packages:${PYTHONPATH} /usr/bin/python3 -W ignore:setup.py install is deprecated -W ignore:easy_install command is deprecated setup.py egg_info --egg-base ../../build/ekf_slam build --build-base /home/devam/FYP_ROS2/build/ekf_slam/build install --record /home/devam/FYP_ROS2/build/ekf_slam/install.log --single-version-externally-managed install_data
[1.168s] Level 1:colcon.colcon_core.environment:checking '/home/devam/FYP_ROS2/install/ekf_slam' for CMake config files
[1.169s] Level 1:colcon.colcon_core.environment:checking '/home/devam/FYP_ROS2/install/ekf_slam/lib'
[1.169s] Level 1:colcon.colcon_core.environment:checking '/home/devam/FYP_ROS2/install/ekf_slam/bin'
[1.169s] Level 1:colcon.colcon_core.environment:checking '/home/devam/FYP_ROS2/install/ekf_slam/lib/pkgconfig/ekf_slam.pc'
[1.169s] Level 1:colcon.colcon_core.environment:checking '/home/devam/FYP_ROS2/install/ekf_slam/lib/python3.10/site-packages'
[1.169s] Level 1:colcon.colcon_core.shell:create_environment_hook('ekf_slam', 'pythonpath')
[1.169s] INFO:colcon.colcon_core.shell:Creating environment hook '/home/devam/FYP_ROS2/install/ekf_slam/share/ekf_slam/hook/pythonpath.ps1'
[1.169s] INFO:colcon.colcon_core.shell:Creating environment descriptor '/home/devam/FYP_ROS2/install/ekf_slam/share/ekf_slam/hook/pythonpath.dsv'
[1.169s] INFO:colcon.colcon_core.shell:Creating environment hook '/home/devam/FYP_ROS2/install/ekf_slam/share/ekf_slam/hook/pythonpath.sh'
[1.170s] Level 1:colcon.colcon_core.environment:checking '/home/devam/FYP_ROS2/install/ekf_slam/bin'
[1.170s] Level 1:colcon.colcon_core.environment:create_environment_scripts_only(ekf_slam)
[1.170s] INFO:colcon.colcon_core.shell:Creating package script '/home/devam/FYP_ROS2/install/ekf_slam/share/ekf_slam/package.ps1'
[1.170s] INFO:colcon.colcon_core.shell:Creating package descriptor '/home/devam/FYP_ROS2/install/ekf_slam/share/ekf_slam/package.dsv'
[1.170s] INFO:colcon.colcon_core.shell:Creating package script '/home/devam/FYP_ROS2/install/ekf_slam/share/ekf_slam/package.sh'
[1.170s] INFO:colcon.colcon_core.shell:Creating package script '/home/devam/FYP_ROS2/install/ekf_slam/share/ekf_slam/package.bash'
[1.171s] INFO:colcon.colcon_core.shell:Creating package script '/home/devam/FYP_ROS2/install/ekf_slam/share/ekf_slam/package.zsh'
[1.171s] Level 1:colcon.colcon_core.environment:create_file_with_runtime_dependencies(/home/devam/FYP_ROS2/install/ekf_slam/share/colcon-core/packages/ekf_slam)
[1.171s] DEBUG:colcon.colcon_parallel_executor.executor.parallel:closing loop
[1.171s] DEBUG:colcon.colcon_parallel_executor.executor.parallel:loop closed
[1.171s] DEBUG:colcon.colcon_parallel_executor.executor.parallel:run_until_complete finished with '0'
[1.171s] DEBUG:colcon.colcon_core.event_reactor:joining thread
[1.174s] INFO:colcon.colcon_core.plugin_system:Skipping extension 'colcon_notification.desktop_notification.terminal_notifier': Not used on non-Darwin systems
[1.174s] INFO:colcon.colcon_core.plugin_system:Skipping extension 'colcon_notification.desktop_notification.win32': Not used on non-Windows systems
[1.174s] INFO:colcon.colcon_notification.desktop_notification:Sending desktop notification using 'notify2'
[1.180s] DEBUG:colcon.colcon_core.event_reactor:joined thread
[1.181s] INFO:colcon.colcon_core.shell:Creating prefix script '/home/devam/FYP_ROS2/install/local_setup.ps1'
[1.181s] INFO:colcon.colcon_core.shell:Creating prefix util module '/home/devam/FYP_ROS2/install/_local_setup_util_ps1.py'
[1.182s] INFO:colcon.colcon_core.shell:Creating prefix chain script '/home/devam/FYP_ROS2/install/setup.ps1'
[1.182s] INFO:colcon.colcon_core.shell:Creating prefix script '/home/devam/FYP_ROS2/install/local_setup.sh'
[1.182s] INFO:colcon.colcon_core.shell:Creating prefix util module '/home/devam/FYP_ROS2/install/_local_setup_util_sh.py'
[1.183s] INFO:colcon.colcon_core.shell:Creating prefix chain script '/home/devam/FYP_ROS2/install/setup.sh'
[1.183s] INFO:colcon.colcon_core.shell:Creating prefix script '/home/devam/FYP_ROS2/install/local_setup.bash'
[1.183s] INFO:colcon.colcon_core.shell:Creating prefix chain script '/home/devam/FYP_ROS2/install/setup.bash'
[1.184s] INFO:colcon.colcon_core.shell:Creating prefix script '/home/devam/FYP_ROS2/install/local_setup.zsh'
[1.184s] INFO:colcon.colcon_core.shell:Creating prefix chain script '/home/devam/FYP_ROS2/install/setup.zsh'
