[0.938s] Invoking command in '/home/devam/FYP_ROS2/build/ekf_localization': PYTHONPATH=/home/devam/FYP_ROS2/build/ekf_localization/prefix_override:/usr/lib/python3/dist-packages/colcon_core/task/python/colcon_distutils_commands:/home/devam/FYP_ROS2/install/ekf_localization/lib/python3.10/site-packages:${PYTHONPATH} /usr/bin/python3 -W ignore:setup.py install is deprecated -W ignore:easy_install command is deprecated setup.py develop --uninstall --editable --build-directory /home/devam/FYP_ROS2/build/ekf_localization/build
[1.289s] running develop
[1.518s] Removing /home/devam/FYP_ROS2/install/ekf_localization/lib/python3.10/site-packages/ekf-localization.egg-link (link to .)
[1.562s] Invoked command in '/home/devam/FYP_ROS2/build/ekf_localization' returned '0': PYTHONPATH=/home/devam/FYP_ROS2/build/ekf_localization/prefix_override:/usr/lib/python3/dist-packages/colcon_core/task/python/colcon_distutils_commands:/home/devam/FYP_ROS2/install/ekf_localization/lib/python3.10/site-packages:${PYTHONPATH} /usr/bin/python3 -W ignore:setup.py install is deprecated -W ignore:easy_install command is deprecated setup.py develop --uninstall --editable --build-directory /home/devam/FYP_ROS2/build/ekf_localization/build
[1.563s] Invoking command in '/home/devam/FYP_ROS2/src/ekf_localization': PYTHONPATH=/home/devam/FYP_ROS2/build/ekf_localization/prefix_override:/usr/lib/python3/dist-packages/colcon_core/task/python/colcon_distutils_commands:/home/devam/FYP_ROS2/install/ekf_localization/lib/python3.10/site-packages:${PYTHONPATH} /usr/bin/python3 -W ignore:setup.py install is deprecated -W ignore:easy_install command is deprecated setup.py egg_info --egg-base ../../build/ekf_localization build --build-base /home/devam/FYP_ROS2/build/ekf_localization/build install --record /home/devam/FYP_ROS2/build/ekf_localization/install.log --single-version-externally-managed install_data --force
[1.936s] running egg_info
[1.951s] writing ../../build/ekf_localization/ekf_localization.egg-info/PKG-INFO
[1.951s] writing dependency_links to ../../build/ekf_localization/ekf_localization.egg-info/dependency_links.txt
[1.951s] writing entry points to ../../build/ekf_localization/ekf_localization.egg-info/entry_points.txt
[1.952s] writing requirements to ../../build/ekf_localization/ekf_localization.egg-info/requires.txt
[1.952s] writing top-level names to ../../build/ekf_localization/ekf_localization.egg-info/top_level.txt
[1.982s] reading manifest file '../../build/ekf_localization/ekf_localization.egg-info/SOURCES.txt'
[1.982s] writing manifest file '../../build/ekf_localization/ekf_localization.egg-info/SOURCES.txt'
[1.982s] running build
[1.982s] running build_py
[1.983s] copying ekf_localization/lidar_sub.py -> /home/devam/FYP_ROS2/build/ekf_localization/build/lib/ekf_localization
[1.983s] copying ekf_localization/ekf_localization.py -> /home/devam/FYP_ROS2/build/ekf_localization/build/lib/ekf_localization
[1.983s] copying ekf_localization/odom_sub.py -> /home/devam/FYP_ROS2/build/ekf_localization/build/lib/ekf_localization
[1.983s] running install
[1.988s] running install_lib
[2.001s] creating /home/devam/FYP_ROS2/install/ekf_localization/lib/python3.10/site-packages/ekf_localization
[2.001s] copying /home/devam/FYP_ROS2/build/ekf_localization/build/lib/ekf_localization/pub.py -> /home/devam/FYP_ROS2/install/ekf_localization/lib/python3.10/site-packages/ekf_localization
[2.001s] copying /home/devam/FYP_ROS2/build/ekf_localization/build/lib/ekf_localization/lidar_sub.py -> /home/devam/FYP_ROS2/install/ekf_localization/lib/python3.10/site-packages/ekf_localization
[2.001s] copying /home/devam/FYP_ROS2/build/ekf_localization/build/lib/ekf_localization/sub.py -> /home/devam/FYP_ROS2/install/ekf_localization/lib/python3.10/site-packages/ekf_localization
[2.002s] copying /home/devam/FYP_ROS2/build/ekf_localization/build/lib/ekf_localization/__init__.py -> /home/devam/FYP_ROS2/install/ekf_localization/lib/python3.10/site-packages/ekf_localization
[2.002s] copying /home/devam/FYP_ROS2/build/ekf_localization/build/lib/ekf_localization/pubsub.py -> /home/devam/FYP_ROS2/install/ekf_localization/lib/python3.10/site-packages/ekf_localization
[2.002s] copying /home/devam/FYP_ROS2/build/ekf_localization/build/lib/ekf_localization/ekf_localization.py -> /home/devam/FYP_ROS2/install/ekf_localization/lib/python3.10/site-packages/ekf_localization
[2.002s] copying /home/devam/FYP_ROS2/build/ekf_localization/build/lib/ekf_localization/odom_sub.py -> /home/devam/FYP_ROS2/install/ekf_localization/lib/python3.10/site-packages/ekf_localization
[2.002s] byte-compiling /home/devam/FYP_ROS2/install/ekf_localization/lib/python3.10/site-packages/ekf_localization/pub.py to pub.cpython-310.pyc
[2.002s] byte-compiling /home/devam/FYP_ROS2/install/ekf_localization/lib/python3.10/site-packages/ekf_localization/lidar_sub.py to lidar_sub.cpython-310.pyc
[2.003s] byte-compiling /home/devam/FYP_ROS2/install/ekf_localization/lib/python3.10/site-packages/ekf_localization/sub.py to sub.cpython-310.pyc
[2.003s] byte-compiling /home/devam/FYP_ROS2/install/ekf_localization/lib/python3.10/site-packages/ekf_localization/__init__.py to __init__.cpython-310.pyc
[2.003s] byte-compiling /home/devam/FYP_ROS2/install/ekf_localization/lib/python3.10/site-packages/ekf_localization/pubsub.py to pubsub.cpython-310.pyc
[2.003s] byte-compiling /home/devam/FYP_ROS2/install/ekf_localization/lib/python3.10/site-packages/ekf_localization/ekf_localization.py to ekf_localization.cpython-310.pyc
[2.003s] byte-compiling /home/devam/FYP_ROS2/install/ekf_localization/lib/python3.10/site-packages/ekf_localization/odom_sub.py to odom_sub.cpython-310.pyc
[2.003s] running install_data
[2.004s] copying resource/ekf_localization -> /home/devam/FYP_ROS2/install/ekf_localization/share/ament_index/resource_index/packages
[2.004s] copying package.xml -> /home/devam/FYP_ROS2/install/ekf_localization/share/ekf_localization
[2.004s] running install_egg_info
[2.019s] Copying ../../build/ekf_localization/ekf_localization.egg-info to /home/devam/FYP_ROS2/install/ekf_localization/lib/python3.10/site-packages/ekf_localization-0.0.0-py3.10.egg-info
[2.019s] running install_scripts
[2.075s] Installing lidar_sub script to /home/devam/FYP_ROS2/install/ekf_localization/lib/ekf_localization
[2.076s] Installing odom_sub script to /home/devam/FYP_ROS2/install/ekf_localization/lib/ekf_localization
[2.076s] Installing test_pub script to /home/devam/FYP_ROS2/install/ekf_localization/lib/ekf_localization
[2.076s] Installing test_pubsub script to /home/devam/FYP_ROS2/install/ekf_localization/lib/ekf_localization
[2.076s] Installing test_sub script to /home/devam/FYP_ROS2/install/ekf_localization/lib/ekf_localization
[2.076s] writing list of installed files to '/home/devam/FYP_ROS2/build/ekf_localization/install.log'
[2.114s] Invoked command in '/home/devam/FYP_ROS2/src/ekf_localization' returned '0': PYTHONPATH=/home/devam/FYP_ROS2/build/ekf_localization/prefix_override:/usr/lib/python3/dist-packages/colcon_core/task/python/colcon_distutils_commands:/home/devam/FYP_ROS2/install/ekf_localization/lib/python3.10/site-packages:${PYTHONPATH} /usr/bin/python3 -W ignore:setup.py install is deprecated -W ignore:easy_install command is deprecated setup.py egg_info --egg-base ../../build/ekf_localization build --build-base /home/devam/FYP_ROS2/build/ekf_localization/build install --record /home/devam/FYP_ROS2/build/ekf_localization/install.log --single-version-externally-managed install_data --force
