[0.068s] DEBUG:colcon:Command line arguments: ['/usr/bin/colcon', 'list', '-p', '--base-paths', '/home/devam/FYP_ROS2']
[0.069s] DEBUG:colcon:Parsed command line arguments: Namespace(log_base=None, log_level=None, verb_name='list', build_base='build', ignore_user_meta=False, metas=['./colcon.meta'], base_paths=['/home/devam/FYP_ROS2'], packages_ignore=None, packages_ignore_regex=None, paths=None, packages_up_to=None, packages_up_to_regex=None, packages_above=None, packages_above_and_dependencies=None, packages_above_depth=None, packages_select_by_dep=None, packages_skip_by_dep=None, packages_skip_up_to=None, packages_select_build_failed=False, packages_skip_build_finished=False, packages_select_test_failures=False, packages_skip_test_passed=False, packages_select=None, packages_skip=None, packages_select_regex=None, packages_skip_regex=None, packages_start=None, packages_end=None, allow_overriding=[], topological_order=False, names_only=False, paths_only=True, topological_graph=False, topological_graph_dot=False, topological_graph_density=False, topological_graph_legend=False, topological_graph_dot_cluster=False, topological_graph_dot_include_skipped=False, mixin_files=None, mixin=None, verb_parser=<colcon_mixin.mixin.mixin_argument.MixinArgumentDecorator object at 0x7c425bfa2e60>, verb_extension=<colcon_package_information.verb.list.ListVerb object at 0x7c425bfa1990>, main=<bound method ListVerb.main of <colcon_package_information.verb.list.ListVerb object at 0x7c425bfa1990>>, mixin_verb=('list',))
[0.284s] Level 1:colcon.colcon_core.package_discovery:discover_packages(colcon_meta) check parameters
[0.284s] Level 1:colcon.colcon_core.package_discovery:discover_packages(recursive) check parameters
[0.284s] Level 1:colcon.colcon_core.package_discovery:discover_packages(ignore) check parameters
[0.284s] Level 1:colcon.colcon_core.package_discovery:discover_packages(path) check parameters
[0.284s] Level 1:colcon.colcon_core.package_discovery:discover_packages(recursive) discover
[0.285s] INFO:colcon.colcon_core.package_discovery:Crawling recursively for packages in '/home/devam/FYP_ROS2'
[0.285s] Level 1:colcon.colcon_core.package_identification:_identify(/home/devam/FYP_ROS2) by extensions ['ignore', 'ignore_ament_install']
[0.285s] Level 1:colcon.colcon_core.package_identification:_identify(/home/devam/FYP_ROS2) by extension 'ignore'
[0.285s] Level 1:colcon.colcon_core.package_identification:_identify(/home/devam/FYP_ROS2) by extension 'ignore_ament_install'
[0.285s] Level 1:colcon.colcon_core.package_identification:_identify(/home/devam/FYP_ROS2) by extensions ['colcon_pkg']
[0.285s] Level 1:colcon.colcon_core.package_identification:_identify(/home/devam/FYP_ROS2) by extension 'colcon_pkg'
[0.285s] Level 1:colcon.colcon_core.package_identification:_identify(/home/devam/FYP_ROS2) by extensions ['colcon_meta']
[0.285s] Level 1:colcon.colcon_core.package_identification:_identify(/home/devam/FYP_ROS2) by extension 'colcon_meta'
[0.285s] Level 1:colcon.colcon_core.package_identification:_identify(/home/devam/FYP_ROS2) by extensions ['ros']
[0.285s] Level 1:colcon.colcon_core.package_identification:_identify(/home/devam/FYP_ROS2) by extension 'ros'
[0.294s] Level 1:colcon.colcon_core.package_identification:_identify(/home/devam/FYP_ROS2) by extensions ['cmake', 'python']
[0.294s] Level 1:colcon.colcon_core.package_identification:_identify(/home/devam/FYP_ROS2) by extension 'cmake'
[0.294s] Level 1:colcon.colcon_core.package_identification:_identify(/home/devam/FYP_ROS2) by extension 'python'
[0.294s] Level 1:colcon.colcon_core.package_identification:_identify(/home/devam/FYP_ROS2) by extensions ['python_setup_py']
[0.294s] Level 1:colcon.colcon_core.package_identification:_identify(/home/devam/FYP_ROS2) by extension 'python_setup_py'
[0.294s] Level 1:colcon.colcon_core.package_identification:_identify(/home/devam/FYP_ROS2/build) by extensions ['ignore', 'ignore_ament_install']
[0.294s] Level 1:colcon.colcon_core.package_identification:_identify(/home/devam/FYP_ROS2/build) by extension 'ignore'
[0.294s] Level 1:colcon.colcon_core.package_identification:_identify(/home/devam/FYP_ROS2/build) ignored
[0.294s] Level 1:colcon.colcon_core.package_identification:_identify(/home/devam/FYP_ROS2/install) by extensions ['ignore', 'ignore_ament_install']
[0.294s] Level 1:colcon.colcon_core.package_identification:_identify(/home/devam/FYP_ROS2/install) by extension 'ignore'
[0.294s] Level 1:colcon.colcon_core.package_identification:_identify(/home/devam/FYP_ROS2/install) ignored
[0.294s] Level 1:colcon.colcon_core.package_identification:_identify(/home/devam/FYP_ROS2/log) by extensions ['ignore', 'ignore_ament_install']
[0.294s] Level 1:colcon.colcon_core.package_identification:_identify(/home/devam/FYP_ROS2/log) by extension 'ignore'
[0.294s] Level 1:colcon.colcon_core.package_identification:_identify(/home/devam/FYP_ROS2/log) ignored
[0.294s] Level 1:colcon.colcon_core.package_identification:_identify(/home/devam/FYP_ROS2/src) by extensions ['ignore', 'ignore_ament_install']
[0.294s] Level 1:colcon.colcon_core.package_identification:_identify(/home/devam/FYP_ROS2/src) by extension 'ignore'
[0.294s] Level 1:colcon.colcon_core.package_identification:_identify(/home/devam/FYP_ROS2/src) by extension 'ignore_ament_install'
[0.294s] Level 1:colcon.colcon_core.package_identification:_identify(/home/devam/FYP_ROS2/src) by extensions ['colcon_pkg']
[0.294s] Level 1:colcon.colcon_core.package_identification:_identify(/home/devam/FYP_ROS2/src) by extension 'colcon_pkg'
[0.294s] Level 1:colcon.colcon_core.package_identification:_identify(/home/devam/FYP_ROS2/src) by extensions ['colcon_meta']
[0.294s] Level 1:colcon.colcon_core.package_identification:_identify(/home/devam/FYP_ROS2/src) by extension 'colcon_meta'
[0.294s] Level 1:colcon.colcon_core.package_identification:_identify(/home/devam/FYP_ROS2/src) by extensions ['ros']
[0.294s] Level 1:colcon.colcon_core.package_identification:_identify(/home/devam/FYP_ROS2/src) by extension 'ros'
[0.294s] Level 1:colcon.colcon_core.package_identification:_identify(/home/devam/FYP_ROS2/src) by extensions ['cmake', 'python']
[0.295s] Level 1:colcon.colcon_core.package_identification:_identify(/home/devam/FYP_ROS2/src) by extension 'cmake'
[0.295s] Level 1:colcon.colcon_core.package_identification:_identify(/home/devam/FYP_ROS2/src) by extension 'python'
[0.295s] Level 1:colcon.colcon_core.package_identification:_identify(/home/devam/FYP_ROS2/src) by extensions ['python_setup_py']
[0.295s] Level 1:colcon.colcon_core.package_identification:_identify(/home/devam/FYP_ROS2/src) by extension 'python_setup_py'
[0.295s] Level 1:colcon.colcon_core.package_identification:_identify(/home/devam/FYP_ROS2/src/ekf_localization) by extensions ['ignore', 'ignore_ament_install']
[0.295s] Level 1:colcon.colcon_core.package_identification:_identify(/home/devam/FYP_ROS2/src/ekf_localization) by extension 'ignore'
[0.295s] Level 1:colcon.colcon_core.package_identification:_identify(/home/devam/FYP_ROS2/src/ekf_localization) by extension 'ignore_ament_install'
[0.295s] Level 1:colcon.colcon_core.package_identification:_identify(/home/devam/FYP_ROS2/src/ekf_localization) by extensions ['colcon_pkg']
[0.295s] Level 1:colcon.colcon_core.package_identification:_identify(/home/devam/FYP_ROS2/src/ekf_localization) by extension 'colcon_pkg'
[0.295s] Level 1:colcon.colcon_core.package_identification:_identify(/home/devam/FYP_ROS2/src/ekf_localization) by extensions ['colcon_meta']
[0.295s] Level 1:colcon.colcon_core.package_identification:_identify(/home/devam/FYP_ROS2/src/ekf_localization) by extension 'colcon_meta'
[0.295s] Level 1:colcon.colcon_core.package_identification:_identify(/home/devam/FYP_ROS2/src/ekf_localization) by extensions ['ros']
[0.295s] Level 1:colcon.colcon_core.package_identification:_identify(/home/devam/FYP_ROS2/src/ekf_localization) by extension 'ros'
[0.297s] DEBUG:colcon.colcon_core.package_identification:Package '/home/devam/FYP_ROS2/src/ekf_localization' with type 'ros.ament_python' and name 'ekf_localization'
[0.297s] Level 1:colcon.colcon_core.package_identification:_identify(/home/devam/FYP_ROS2/src/ekf_slam) by extensions ['ignore', 'ignore_ament_install']
[0.297s] Level 1:colcon.colcon_core.package_identification:_identify(/home/devam/FYP_ROS2/src/ekf_slam) by extension 'ignore'
[0.297s] Level 1:colcon.colcon_core.package_identification:_identify(/home/devam/FYP_ROS2/src/ekf_slam) by extension 'ignore_ament_install'
[0.297s] Level 1:colcon.colcon_core.package_identification:_identify(/home/devam/FYP_ROS2/src/ekf_slam) by extensions ['colcon_pkg']
[0.297s] Level 1:colcon.colcon_core.package_identification:_identify(/home/devam/FYP_ROS2/src/ekf_slam) by extension 'colcon_pkg'
[0.297s] Level 1:colcon.colcon_core.package_identification:_identify(/home/devam/FYP_ROS2/src/ekf_slam) by extensions ['colcon_meta']
[0.297s] Level 1:colcon.colcon_core.package_identification:_identify(/home/devam/FYP_ROS2/src/ekf_slam) by extension 'colcon_meta'
[0.297s] Level 1:colcon.colcon_core.package_identification:_identify(/home/devam/FYP_ROS2/src/ekf_slam) by extensions ['ros']
[0.297s] Level 1:colcon.colcon_core.package_identification:_identify(/home/devam/FYP_ROS2/src/ekf_slam) by extension 'ros'
[0.297s] DEBUG:colcon.colcon_core.package_identification:Package '/home/devam/FYP_ROS2/src/ekf_slam' with type 'ros.ament_python' and name 'ekf_slam'
[0.297s] Level 1:colcon.colcon_core.package_identification:_identify(/home/devam/FYP_ROS2/src/occ_map_creator) by extensions ['ignore', 'ignore_ament_install']
[0.298s] Level 1:colcon.colcon_core.package_identification:_identify(/home/devam/FYP_ROS2/src/occ_map_creator) by extension 'ignore'
[0.298s] Level 1:colcon.colcon_core.package_identification:_identify(/home/devam/FYP_ROS2/src/occ_map_creator) by extension 'ignore_ament_install'
[0.298s] Level 1:colcon.colcon_core.package_identification:_identify(/home/devam/FYP_ROS2/src/occ_map_creator) by extensions ['colcon_pkg']
[0.298s] Level 1:colcon.colcon_core.package_identification:_identify(/home/devam/FYP_ROS2/src/occ_map_creator) by extension 'colcon_pkg'
[0.298s] Level 1:colcon.colcon_core.package_identification:_identify(/home/devam/FYP_ROS2/src/occ_map_creator) by extensions ['colcon_meta']
[0.298s] Level 1:colcon.colcon_core.package_identification:_identify(/home/devam/FYP_ROS2/src/occ_map_creator) by extension 'colcon_meta'
[0.298s] Level 1:colcon.colcon_core.package_identification:_identify(/home/devam/FYP_ROS2/src/occ_map_creator) by extensions ['ros']
[0.298s] Level 1:colcon.colcon_core.package_identification:_identify(/home/devam/FYP_ROS2/src/occ_map_creator) by extension 'ros'
[0.298s] DEBUG:colcon.colcon_core.package_identification:Package '/home/devam/FYP_ROS2/src/occ_map_creator' with type 'ros.ament_python' and name 'occ_map_creator'
[0.298s] Level 1:colcon.colcon_core.package_discovery:discover_packages(recursive) using defaults
