[0.714s] Invoking command in '/home/devam/FYP_ROS2/build/occ_map_creator': PYTHONPATH=/home/devam/FYP_ROS2/build/occ_map_creator/prefix_override:/usr/lib/python3/dist-packages/colcon_core/task/python/colcon_distutils_commands:/home/devam/FYP_ROS2/install/occ_map_creator/lib/python3.10/site-packages:${PYTHONPATH} /usr/bin/python3 -W ignore:setup.py install is deprecated -W ignore:easy_install command is deprecated setup.py develop --uninstall --editable --build-directory /home/devam/FYP_ROS2/build/occ_map_creator/build
[0.881s] running develop
[1.009s] Removing /home/devam/FYP_ROS2/install/occ_map_creator/lib/python3.10/site-packages/occ-map-creator.egg-link (link to .)
[1.028s] Invoked command in '/home/devam/FYP_ROS2/build/occ_map_creator' returned '0': PYTHONPATH=/home/devam/FYP_ROS2/build/occ_map_creator/prefix_override:/usr/lib/python3/dist-packages/colcon_core/task/python/colcon_distutils_commands:/home/devam/FYP_ROS2/install/occ_map_creator/lib/python3.10/site-packages:${PYTHONPATH} /usr/bin/python3 -W ignore:setup.py install is deprecated -W ignore:easy_install command is deprecated setup.py develop --uninstall --editable --build-directory /home/devam/FYP_ROS2/build/occ_map_creator/build
[1.029s] Invoking command in '/home/devam/FYP_ROS2/src/occ_map_creator': PYTHONPATH=/home/devam/FYP_ROS2/build/occ_map_creator/prefix_override:/usr/lib/python3/dist-packages/colcon_core/task/python/colcon_distutils_commands:/home/devam/FYP_ROS2/install/occ_map_creator/lib/python3.10/site-packages:${PYTHONPATH} /usr/bin/python3 -W ignore:setup.py install is deprecated -W ignore:easy_install command is deprecated setup.py egg_info --egg-base ../../build/occ_map_creator build --build-base /home/devam/FYP_ROS2/build/occ_map_creator/build install --record /home/devam/FYP_ROS2/build/occ_map_creator/install.log --single-version-externally-managed install_data --force
[1.175s] running egg_info
[1.184s] writing ../../build/occ_map_creator/occ_map_creator.egg-info/PKG-INFO
[1.184s] writing dependency_links to ../../build/occ_map_creator/occ_map_creator.egg-info/dependency_links.txt
[1.184s] writing requirements to ../../build/occ_map_creator/occ_map_creator.egg-info/requires.txt
[1.184s] writing top-level names to ../../build/occ_map_creator/occ_map_creator.egg-info/top_level.txt
[1.202s] reading manifest file '../../build/occ_map_creator/occ_map_creator.egg-info/SOURCES.txt'
[1.202s] writing manifest file '../../build/occ_map_creator/occ_map_creator.egg-info/SOURCES.txt'
[1.202s] running build
[1.202s] running build_py
[1.202s] copying occ_map_creator/__init__.py -> /home/devam/FYP_ROS2/build/occ_map_creator/build/lib/occ_map_creator
[1.202s] running install
[1.205s] running install_lib
[1.213s] creating /home/devam/FYP_ROS2/install/occ_map_creator/lib/python3.10/site-packages/occ_map_creator
[1.213s] copying /home/devam/FYP_ROS2/build/occ_map_creator/build/lib/occ_map_creator/__init__.py -> /home/devam/FYP_ROS2/install/occ_map_creator/lib/python3.10/site-packages/occ_map_creator
[1.213s] byte-compiling /home/devam/FYP_ROS2/install/occ_map_creator/lib/python3.10/site-packages/occ_map_creator/__init__.py to __init__.cpython-310.pyc
[1.214s] running install_data
[1.214s] copying resource/occ_map_creator -> /home/devam/FYP_ROS2/install/occ_map_creator/share/ament_index/resource_index/packages
[1.214s] copying package.xml -> /home/devam/FYP_ROS2/install/occ_map_creator/share/occ_map_creator
[1.214s] running install_egg_info
[1.223s] Copying ../../build/occ_map_creator/occ_map_creator.egg-info to /home/devam/FYP_ROS2/install/occ_map_creator/lib/python3.10/site-packages/occ_map_creator-0.0.0-py3.10.egg-info
[1.223s] running install_scripts
[1.299s] writing list of installed files to '/home/devam/FYP_ROS2/build/occ_map_creator/install.log'
[1.312s] Invoked command in '/home/devam/FYP_ROS2/src/occ_map_creator' returned '0': PYTHONPATH=/home/devam/FYP_ROS2/build/occ_map_creator/prefix_override:/usr/lib/python3/dist-packages/colcon_core/task/python/colcon_distutils_commands:/home/devam/FYP_ROS2/install/occ_map_creator/lib/python3.10/site-packages:${PYTHONPATH} /usr/bin/python3 -W ignore:setup.py install is deprecated -W ignore:easy_install command is deprecated setup.py egg_info --egg-base ../../build/occ_map_creator build --build-base /home/devam/FYP_ROS2/build/occ_map_creator/build install --record /home/devam/FYP_ROS2/build/occ_map_creator/install.log --single-version-externally-managed install_data --force
