/home/devam/FYP_ROS2/install/ekf_localization/lib/python3.10/site-packages/ekf_localization/map_sub.py
/home/devam/FYP_ROS2/install/ekf_localization/lib/python3.10/site-packages/ekf_localization/pub.py
/home/devam/FYP_ROS2/install/ekf_localization/lib/python3.10/site-packages/ekf_localization/lidar_sub.py
/home/devam/FYP_ROS2/install/ekf_localization/lib/python3.10/site-packages/ekf_localization/sub.py
/home/devam/FYP_ROS2/install/ekf_localization/lib/python3.10/site-packages/ekf_localization/__init__.py
/home/devam/FYP_ROS2/install/ekf_localization/lib/python3.10/site-packages/ekf_localization/tp.py
/home/devam/FYP_ROS2/install/ekf_localization/lib/python3.10/site-packages/ekf_localization/pubsub.py
/home/devam/FYP_ROS2/install/ekf_localization/lib/python3.10/site-packages/ekf_localization/ekf_localization.py
/home/devam/FYP_ROS2/install/ekf_localization/lib/python3.10/site-packages/ekf_localization/map_vis_transform.py
/home/devam/FYP_ROS2/install/ekf_localization/lib/python3.10/site-packages/ekf_localization/map_reader.py
/home/devam/FYP_ROS2/install/ekf_localization/lib/python3.10/site-packages/ekf_localization/odom_sub.py
/home/devam/FYP_ROS2/install/ekf_localization/lib/python3.10/site-packages/ekf_localization/ekf_loc_vyom.py
/home/devam/FYP_ROS2/install/ekf_localization/lib/python3.10/site-packages/ekf_localization/__pycache__/map_sub.cpython-310.pyc
/home/devam/FYP_ROS2/install/ekf_localization/lib/python3.10/site-packages/ekf_localization/__pycache__/pub.cpython-310.pyc
/home/devam/FYP_ROS2/install/ekf_localization/lib/python3.10/site-packages/ekf_localization/__pycache__/lidar_sub.cpython-310.pyc
/home/devam/FYP_ROS2/install/ekf_localization/lib/python3.10/site-packages/ekf_localization/__pycache__/sub.cpython-310.pyc
/home/devam/FYP_ROS2/install/ekf_localization/lib/python3.10/site-packages/ekf_localization/__pycache__/__init__.cpython-310.pyc
/home/devam/FYP_ROS2/install/ekf_localization/lib/python3.10/site-packages/ekf_localization/__pycache__/tp.cpython-310.pyc
/home/devam/FYP_ROS2/install/ekf_localization/lib/python3.10/site-packages/ekf_localization/__pycache__/pubsub.cpython-310.pyc
/home/devam/FYP_ROS2/install/ekf_localization/lib/python3.10/site-packages/ekf_localization/__pycache__/ekf_localization.cpython-310.pyc
/home/devam/FYP_ROS2/install/ekf_localization/lib/python3.10/site-packages/ekf_localization/__pycache__/map_vis_transform.cpython-310.pyc
/home/devam/FYP_ROS2/install/ekf_localization/lib/python3.10/site-packages/ekf_localization/__pycache__/map_reader.cpython-310.pyc
/home/devam/FYP_ROS2/install/ekf_localization/lib/python3.10/site-packages/ekf_localization/__pycache__/odom_sub.cpython-310.pyc
/home/devam/FYP_ROS2/install/ekf_localization/lib/python3.10/site-packages/ekf_localization/__pycache__/ekf_loc_vyom.cpython-310.pyc
/home/devam/FYP_ROS2/install/ekf_localization/share/ament_index/resource_index/packages/ekf_localization
/home/devam/FYP_ROS2/install/ekf_localization/share/ekf_localization/package.xml
/home/devam/FYP_ROS2/install/ekf_localization/share/ekf_localization/launch/ekf_localization.launch.py
/home/devam/FYP_ROS2/install/ekf_localization/lib/python3.10/site-packages/ekf_localization-0.0.0-py3.10.egg-info/top_level.txt
/home/devam/FYP_ROS2/install/ekf_localization/lib/python3.10/site-packages/ekf_localization-0.0.0-py3.10.egg-info/PKG-INFO
/home/devam/FYP_ROS2/install/ekf_localization/lib/python3.10/site-packages/ekf_localization-0.0.0-py3.10.egg-info/entry_points.txt
/home/devam/FYP_ROS2/install/ekf_localization/lib/python3.10/site-packages/ekf_localization-0.0.0-py3.10.egg-info/SOURCES.txt
/home/devam/FYP_ROS2/install/ekf_localization/lib/python3.10/site-packages/ekf_localization-0.0.0-py3.10.egg-info/requires.txt
/home/devam/FYP_ROS2/install/ekf_localization/lib/python3.10/site-packages/ekf_localization-0.0.0-py3.10.egg-info/dependency_links.txt
/home/devam/FYP_ROS2/install/ekf_localization/lib/python3.10/site-packages/ekf_localization-0.0.0-py3.10.egg-info/zip-safe
/home/devam/FYP_ROS2/install/ekf_localization/lib/ekf_localization/ekf_vyom
/home/devam/FYP_ROS2/install/ekf_localization/lib/ekf_localization/lidar_sub
/home/devam/FYP_ROS2/install/ekf_localization/lib/ekf_localization/localization
/home/devam/FYP_ROS2/install/ekf_localization/lib/ekf_localization/map_reader
/home/devam/FYP_ROS2/install/ekf_localization/lib/ekf_localization/map_rot
/home/devam/FYP_ROS2/install/ekf_localization/lib/ekf_localization/map_sub
/home/devam/FYP_ROS2/install/ekf_localization/lib/ekf_localization/odom_sub
/home/devam/FYP_ROS2/install/ekf_localization/lib/ekf_localization/test_pub
/home/devam/FYP_ROS2/install/ekf_localization/lib/ekf_localization/test_pubsub
/home/devam/FYP_ROS2/install/ekf_localization/lib/ekf_localization/test_sub
