[0.709s] Invoking command in '/home/devam/FYP_ROS2/build/ekf_localization': PYTHONPATH=/home/devam/FYP_ROS2/build/ekf_localization/prefix_override:/usr/lib/python3/dist-packages/colcon_core/task/python/colcon_distutils_commands:/home/devam/FYP_ROS2/install/ekf_localization/lib/python3.10/site-packages:${PYTHONPATH} /usr/bin/python3 -W ignore:setup.py install is deprecated -W ignore:easy_install command is deprecated setup.py develop --editable --build-directory /home/devam/FYP_ROS2/build/ekf_localization/build --no-deps symlink_data --force
[0.908s] running develop
[1.049s] running egg_info
[1.059s] writing ekf_localization.egg-info/PKG-INFO
[1.059s] writing dependency_links to ekf_localization.egg-info/dependency_links.txt
[1.059s] writing entry points to ekf_localization.egg-info/entry_points.txt
[1.059s] writing requirements to ekf_localization.egg-info/requires.txt
[1.059s] writing top-level names to ekf_localization.egg-info/top_level.txt
[1.079s] reading manifest file 'ekf_localization.egg-info/SOURCES.txt'
[1.080s] writing manifest file 'ekf_localization.egg-info/SOURCES.txt'
[1.090s] running build_ext
[1.090s] Creating /home/devam/FYP_ROS2/install/ekf_localization/lib/python3.10/site-packages/ekf-localization.egg-link (link to .)
[1.091s] Installing ekf_vyom script to /home/devam/FYP_ROS2/install/ekf_localization/lib/ekf_localization
[1.091s] Installing lidar_sub script to /home/devam/FYP_ROS2/install/ekf_localization/lib/ekf_localization
[1.091s] Installing localization script to /home/devam/FYP_ROS2/install/ekf_localization/lib/ekf_localization
[1.091s] Installing map_reader script to /home/devam/FYP_ROS2/install/ekf_localization/lib/ekf_localization
[1.091s] Installing map_rot script to /home/devam/FYP_ROS2/install/ekf_localization/lib/ekf_localization
[1.091s] Installing map_sub script to /home/devam/FYP_ROS2/install/ekf_localization/lib/ekf_localization
[1.091s] Installing odom_sub script to /home/devam/FYP_ROS2/install/ekf_localization/lib/ekf_localization
[1.091s] Installing test_pub script to /home/devam/FYP_ROS2/install/ekf_localization/lib/ekf_localization
[1.091s] Installing test_pubsub script to /home/devam/FYP_ROS2/install/ekf_localization/lib/ekf_localization
[1.091s] Installing test_sub script to /home/devam/FYP_ROS2/install/ekf_localization/lib/ekf_localization
[1.091s] 
[1.091s] Installed /home/devam/FYP_ROS2/build/ekf_localization
[1.091s] running symlink_data
[1.091s] symbolically linking /home/devam/FYP_ROS2/build/ekf_localization/resource/ekf_localization -> /home/devam/FYP_ROS2/install/ekf_localization/share/ament_index/resource_index/packages
[1.091s] symbolically linking /home/devam/FYP_ROS2/build/ekf_localization/package.xml -> /home/devam/FYP_ROS2/install/ekf_localization/share/ekf_localization
[1.091s] symbolically linking /home/devam/FYP_ROS2/build/ekf_localization/launch/ekf_localization.launch.py -> /home/devam/FYP_ROS2/install/ekf_localization/share/ekf_localization/launch
[1.108s] Invoked command in '/home/devam/FYP_ROS2/build/ekf_localization' returned '0': PYTHONPATH=/home/devam/FYP_ROS2/build/ekf_localization/prefix_override:/usr/lib/python3/dist-packages/colcon_core/task/python/colcon_distutils_commands:/home/devam/FYP_ROS2/install/ekf_localization/lib/python3.10/site-packages:${PYTHONPATH} /usr/bin/python3 -W ignore:setup.py install is deprecated -W ignore:easy_install command is deprecated setup.py develop --editable --build-directory /home/devam/FYP_ROS2/build/ekf_localization/build --no-deps symlink_data --force
