running develop
running egg_info
creating ekf_slam.egg-info
writing ekf_slam.egg-info/PKG-INFO
writing dependency_links to ekf_slam.egg-info/dependency_links.txt
writing entry points to ekf_slam.egg-info/entry_points.txt
writing requirements to ekf_slam.egg-info/requires.txt
writing top-level names to ekf_slam.egg-info/top_level.txt
writing manifest file 'ekf_slam.egg-info/SOURCES.txt'
reading manifest file 'ekf_slam.egg-info/SOURCES.txt'
writing manifest file 'ekf_slam.egg-info/SOURCES.txt'
running build_ext
Creating /home/devam/FYP_ROS2/install/ekf_slam/lib/python3.10/site-packages/ekf-slam.egg-link (link to .)
Installing ekf_slam script to /home/devam/FYP_ROS2/install/ekf_slam/lib/ekf_slam

Installed /home/devam/FYP_ROS2/build/ekf_slam
running symlink_data
creating /home/devam/FYP_ROS2/install/ekf_slam/share/ament_index
creating /home/devam/FYP_ROS2/install/ekf_slam/share/ament_index/resource_index
creating /home/devam/FYP_ROS2/install/ekf_slam/share/ament_index/resource_index/packages
symbolically linking /home/devam/FYP_ROS2/build/ekf_slam/resource/ekf_slam -> /home/devam/FYP_ROS2/install/ekf_slam/share/ament_index/resource_index/packages
symbolically linking /home/devam/FYP_ROS2/build/ekf_slam/package.xml -> /home/devam/FYP_ROS2/install/ekf_slam/share/ekf_slam
