[1.044s] Invoking command in '/home/devam/FYP_ROS2/build/ekf_localization': PYTHONPATH=/home/devam/FYP_ROS2/build/ekf_localization/prefix_override:/usr/lib/python3/dist-packages/colcon_core/task/python/colcon_distutils_commands:/home/devam/FYP_ROS2/install/ekf_localization/lib/python3.10/site-packages:${PYTHONPATH} /usr/bin/python3 -W ignore:setup.py install is deprecated -W ignore:easy_install command is deprecated setup.py develop --editable --build-directory /home/devam/FYP_ROS2/build/ekf_localization/build --no-deps symlink_data
[1.325s] running develop
[1.519s] running egg_info
[1.530s] writing ekf_localization.egg-info/PKG-INFO
[1.530s] writing dependency_links to ekf_localization.egg-info/dependency_links.txt
[1.530s] writing entry points to ekf_localization.egg-info/entry_points.txt
[1.530s] writing requirements to ekf_localization.egg-info/requires.txt
[1.530s] writing top-level names to ekf_localization.egg-info/top_level.txt
[1.553s] reading manifest file 'ekf_localization.egg-info/SOURCES.txt'
[1.553s] writing manifest file 'ekf_localization.egg-info/SOURCES.txt'
[1.565s] running build_ext
[1.565s] Creating /home/devam/FYP_ROS2/install/ekf_localization/lib/python3.10/site-packages/ekf-localization.egg-link (link to .)
[1.565s] Installing ekf_vyom script to /home/devam/FYP_ROS2/install/ekf_localization/lib/ekf_localization
[1.565s] Installing lidar_sub script to /home/devam/FYP_ROS2/install/ekf_localization/lib/ekf_localization
[1.565s] Installing localization script to /home/devam/FYP_ROS2/install/ekf_localization/lib/ekf_localization
[1.566s] Installing map_reader script to /home/devam/FYP_ROS2/install/ekf_localization/lib/ekf_localization
[1.566s] Installing map_rot script to /home/devam/FYP_ROS2/install/ekf_localization/lib/ekf_localization
[1.566s] Installing map_sub script to /home/devam/FYP_ROS2/install/ekf_localization/lib/ekf_localization
[1.566s] Installing odom_sub script to /home/devam/FYP_ROS2/install/ekf_localization/lib/ekf_localization
[1.566s] Installing test_pub script to /home/devam/FYP_ROS2/install/ekf_localization/lib/ekf_localization
[1.566s] Installing test_pubsub script to /home/devam/FYP_ROS2/install/ekf_localization/lib/ekf_localization
[1.566s] Installing test_sub script to /home/devam/FYP_ROS2/install/ekf_localization/lib/ekf_localization
[1.566s] 
[1.566s] Installed /home/devam/FYP_ROS2/build/ekf_localization
[1.566s] running symlink_data
[1.601s] Invoked command in '/home/devam/FYP_ROS2/build/ekf_localization' returned '0': PYTHONPATH=/home/devam/FYP_ROS2/build/ekf_localization/prefix_override:/usr/lib/python3/dist-packages/colcon_core/task/python/colcon_distutils_commands:/home/devam/FYP_ROS2/install/ekf_localization/lib/python3.10/site-packages:${PYTHONPATH} /usr/bin/python3 -W ignore:setup.py install is deprecated -W ignore:easy_install command is deprecated setup.py develop --editable --build-directory /home/devam/FYP_ROS2/build/ekf_localization/build --no-deps symlink_data
