[0.062s] DEBUG:colcon:Command line arguments: ['/usr/bin/colcon', 'build', '--symlink-install']
[0.062s] DEBUG:colcon:Parsed command line arguments: Namespace(log_base=None, log_level=None, verb_name='build', build_base='build', install_base='install', merge_install=False, symlink_install=True, test_result_base=None, continue_on_error=False, executor='parallel', parallel_workers=24, event_handlers=None, ignore_user_meta=False, metas=['./colcon.meta'], base_paths=['.'], packages_ignore=None, packages_ignore_regex=None, paths=None, packages_up_to=None, packages_up_to_regex=None, packages_above=None, packages_above_and_dependencies=None, packages_above_depth=None, packages_select_by_dep=None, packages_skip_by_dep=None, packages_skip_up_to=None, packages_select_build_failed=False, packages_skip_build_finished=False, packages_select_test_failures=False, packages_skip_test_passed=False, packages_select=None, packages_skip=None, packages_select_regex=None, packages_skip_regex=None, packages_start=None, packages_end=None, allow_overriding=[], cmake_args=None, cmake_target=None, cmake_target_skip_unavailable=False, cmake_clean_cache=False, cmake_clean_first=False, cmake_force_configure=False, ament_cmake_args=None, catkin_cmake_args=None, catkin_skip_building_tests=False, mixin_files=None, mixin=None, verb_parser=<colcon_mixin.mixin.mixin_argument.MixinArgumentDecorator object at 0x7a23c16b1f00>, verb_extension=<colcon_core.verb.build.BuildVerb object at 0x7a23c17aae90>, main=<bound method BuildVerb.main of <colcon_core.verb.build.BuildVerb object at 0x7a23c17aae90>>, mixin_verb=('build',))
[0.085s] Level 1:colcon.colcon_core.package_discovery:discover_packages(colcon_meta) check parameters
[0.085s] Level 1:colcon.colcon_core.package_discovery:discover_packages(recursive) check parameters
[0.085s] Level 1:colcon.colcon_core.package_discovery:discover_packages(ignore) check parameters
[0.085s] Level 1:colcon.colcon_core.package_discovery:discover_packages(path) check parameters
[0.085s] Level 1:colcon.colcon_core.package_discovery:discover_packages(colcon_meta) discover
[0.085s] Level 1:colcon.colcon_core.package_discovery:discover_packages(recursive) discover
[0.085s] INFO:colcon.colcon_core.package_discovery:Crawling recursively for packages in '/home/devam/FYP_ROS2'
[0.085s] Level 1:colcon.colcon_core.package_identification:_identify(.) by extensions ['ignore', 'ignore_ament_install']
[0.085s] Level 1:colcon.colcon_core.package_identification:_identify(.) by extension 'ignore'
[0.085s] Level 1:colcon.colcon_core.package_identification:_identify(.) by extension 'ignore_ament_install'
[0.085s] Level 1:colcon.colcon_core.package_identification:_identify(.) by extensions ['colcon_pkg']
[0.085s] Level 1:colcon.colcon_core.package_identification:_identify(.) by extension 'colcon_pkg'
[0.085s] Level 1:colcon.colcon_core.package_identification:_identify(.) by extensions ['colcon_meta']
[0.085s] Level 1:colcon.colcon_core.package_identification:_identify(.) by extension 'colcon_meta'
[0.085s] Level 1:colcon.colcon_core.package_identification:_identify(.) by extensions ['ros']
[0.085s] Level 1:colcon.colcon_core.package_identification:_identify(.) by extension 'ros'
[0.093s] Level 1:colcon.colcon_core.package_identification:_identify(.) by extensions ['cmake', 'python']
[0.093s] Level 1:colcon.colcon_core.package_identification:_identify(.) by extension 'cmake'
[0.093s] Level 1:colcon.colcon_core.package_identification:_identify(.) by extension 'python'
[0.093s] Level 1:colcon.colcon_core.package_identification:_identify(.) by extensions ['python_setup_py']
[0.093s] Level 1:colcon.colcon_core.package_identification:_identify(.) by extension 'python_setup_py'
[0.094s] Level 1:colcon.colcon_core.package_identification:_identify(build) by extensions ['ignore', 'ignore_ament_install']
[0.094s] Level 1:colcon.colcon_core.package_identification:_identify(build) by extension 'ignore'
[0.094s] Level 1:colcon.colcon_core.package_identification:_identify(build) ignored
[0.094s] Level 1:colcon.colcon_core.package_identification:_identify(install) by extensions ['ignore', 'ignore_ament_install']
[0.094s] Level 1:colcon.colcon_core.package_identification:_identify(install) by extension 'ignore'
[0.094s] Level 1:colcon.colcon_core.package_identification:_identify(install) ignored
[0.094s] Level 1:colcon.colcon_core.package_identification:_identify(log) by extensions ['ignore', 'ignore_ament_install']
[0.094s] Level 1:colcon.colcon_core.package_identification:_identify(log) by extension 'ignore'
[0.094s] Level 1:colcon.colcon_core.package_identification:_identify(log) ignored
[0.094s] Level 1:colcon.colcon_core.package_identification:_identify(src) by extensions ['ignore', 'ignore_ament_install']
[0.094s] Level 1:colcon.colcon_core.package_identification:_identify(src) by extension 'ignore'
[0.094s] Level 1:colcon.colcon_core.package_identification:_identify(src) by extension 'ignore_ament_install'
[0.094s] Level 1:colcon.colcon_core.package_identification:_identify(src) by extensions ['colcon_pkg']
[0.094s] Level 1:colcon.colcon_core.package_identification:_identify(src) by extension 'colcon_pkg'
[0.094s] Level 1:colcon.colcon_core.package_identification:_identify(src) by extensions ['colcon_meta']
[0.094s] Level 1:colcon.colcon_core.package_identification:_identify(src) by extension 'colcon_meta'
[0.094s] Level 1:colcon.colcon_core.package_identification:_identify(src) by extensions ['ros']
[0.094s] Level 1:colcon.colcon_core.package_identification:_identify(src) by extension 'ros'
[0.094s] Level 1:colcon.colcon_core.package_identification:_identify(src) by extensions ['cmake', 'python']
[0.094s] Level 1:colcon.colcon_core.package_identification:_identify(src) by extension 'cmake'
[0.094s] Level 1:colcon.colcon_core.package_identification:_identify(src) by extension 'python'
[0.094s] Level 1:colcon.colcon_core.package_identification:_identify(src) by extensions ['python_setup_py']
[0.094s] Level 1:colcon.colcon_core.package_identification:_identify(src) by extension 'python_setup_py'
[0.094s] Level 1:colcon.colcon_core.package_identification:_identify(src/ekf_localization) by extensions ['ignore', 'ignore_ament_install']
[0.094s] Level 1:colcon.colcon_core.package_identification:_identify(src/ekf_localization) by extension 'ignore'
[0.094s] Level 1:colcon.colcon_core.package_identification:_identify(src/ekf_localization) by extension 'ignore_ament_install'
[0.094s] Level 1:colcon.colcon_core.package_identification:_identify(src/ekf_localization) by extensions ['colcon_pkg']
[0.094s] Level 1:colcon.colcon_core.package_identification:_identify(src/ekf_localization) by extension 'colcon_pkg'
[0.094s] Level 1:colcon.colcon_core.package_identification:_identify(src/ekf_localization) by extensions ['colcon_meta']
[0.094s] Level 1:colcon.colcon_core.package_identification:_identify(src/ekf_localization) by extension 'colcon_meta'
[0.094s] Level 1:colcon.colcon_core.package_identification:_identify(src/ekf_localization) by extensions ['ros']
[0.094s] Level 1:colcon.colcon_core.package_identification:_identify(src/ekf_localization) by extension 'ros'
[0.096s] DEBUG:colcon.colcon_core.package_identification:Package 'src/ekf_localization' with type 'ros.ament_python' and name 'ekf_localization'
[0.096s] Level 1:colcon.colcon_core.package_identification:_identify(src/ekf_slam) by extensions ['ignore', 'ignore_ament_install']
[0.096s] Level 1:colcon.colcon_core.package_identification:_identify(src/ekf_slam) by extension 'ignore'
[0.096s] Level 1:colcon.colcon_core.package_identification:_identify(src/ekf_slam) by extension 'ignore_ament_install'
[0.096s] Level 1:colcon.colcon_core.package_identification:_identify(src/ekf_slam) by extensions ['colcon_pkg']
[0.096s] Level 1:colcon.colcon_core.package_identification:_identify(src/ekf_slam) by extension 'colcon_pkg'
[0.096s] Level 1:colcon.colcon_core.package_identification:_identify(src/ekf_slam) by extensions ['colcon_meta']
[0.096s] Level 1:colcon.colcon_core.package_identification:_identify(src/ekf_slam) by extension 'colcon_meta'
[0.096s] Level 1:colcon.colcon_core.package_identification:_identify(src/ekf_slam) by extensions ['ros']
[0.096s] Level 1:colcon.colcon_core.package_identification:_identify(src/ekf_slam) by extension 'ros'
[0.097s] DEBUG:colcon.colcon_core.package_identification:Package 'src/ekf_slam' with type 'ros.ament_python' and name 'ekf_slam'
[0.097s] Level 1:colcon.colcon_core.package_identification:_identify(src/occ_map_creator) by extensions ['ignore', 'ignore_ament_install']
[0.097s] Level 1:colcon.colcon_core.package_identification:_identify(src/occ_map_creator) by extension 'ignore'
[0.097s] Level 1:colcon.colcon_core.package_identification:_identify(src/occ_map_creator) by extension 'ignore_ament_install'
[0.097s] Level 1:colcon.colcon_core.package_identification:_identify(src/occ_map_creator) by extensions ['colcon_pkg']
[0.097s] Level 1:colcon.colcon_core.package_identification:_identify(src/occ_map_creator) by extension 'colcon_pkg'
[0.097s] Level 1:colcon.colcon_core.package_identification:_identify(src/occ_map_creator) by extensions ['colcon_meta']
[0.097s] Level 1:colcon.colcon_core.package_identification:_identify(src/occ_map_creator) by extension 'colcon_meta'
[0.097s] Level 1:colcon.colcon_core.package_identification:_identify(src/occ_map_creator) by extensions ['ros']
[0.097s] Level 1:colcon.colcon_core.package_identification:_identify(src/occ_map_creator) by extension 'ros'
[0.097s] DEBUG:colcon.colcon_core.package_identification:Package 'src/occ_map_creator' with type 'ros.ament_python' and name 'occ_map_creator'
[0.097s] Level 1:colcon.colcon_core.package_discovery:discover_packages(recursive) using defaults
[0.097s] Level 1:colcon.colcon_core.package_discovery:discover_packages(ignore) discover
[0.097s] Level 1:colcon.colcon_core.package_discovery:discover_packages(ignore) using defaults
[0.097s] Level 1:colcon.colcon_core.package_discovery:discover_packages(path) discover
[0.097s] Level 1:colcon.colcon_core.package_discovery:discover_packages(path) using defaults
[0.109s] Level 1:colcon.colcon_core.package_discovery:discover_packages(prefix_path) check parameters
[0.109s] Level 1:colcon.colcon_core.package_discovery:discover_packages(prefix_path) discover
[0.110s] DEBUG:colcon.colcon_installed_package_information.package_discovery:Found 3 installed packages in /home/devam/turtlebot3_ws/install
[0.110s] DEBUG:colcon.colcon_installed_package_information.package_discovery:Found 8 installed packages in /home/devam/turtlebot4_ws/install
[0.110s] DEBUG:colcon.colcon_installed_package_information.package_discovery:Found 3 installed packages in /home/devam/FYP_ROS2/install
[0.111s] DEBUG:colcon.colcon_installed_package_information.package_discovery:Found 487 installed packages in /opt/ros/humble
[0.113s] Level 1:colcon.colcon_core.package_discovery:discover_packages(prefix_path) using defaults
[0.146s] Level 5:colcon.colcon_core.verb:set package 'ekf_localization' build argument 'cmake_args' from command line to 'None'
[0.147s] Level 5:colcon.colcon_core.verb:set package 'ekf_localization' build argument 'cmake_target' from command line to 'None'
[0.147s] Level 5:colcon.colcon_core.verb:set package 'ekf_localization' build argument 'cmake_target_skip_unavailable' from command line to 'False'
[0.147s] Level 5:colcon.colcon_core.verb:set package 'ekf_localization' build argument 'cmake_clean_cache' from command line to 'False'
[0.147s] Level 5:colcon.colcon_core.verb:set package 'ekf_localization' build argument 'cmake_clean_first' from command line to 'False'
[0.147s] Level 5:colcon.colcon_core.verb:set package 'ekf_localization' build argument 'cmake_force_configure' from command line to 'False'
[0.147s] Level 5:colcon.colcon_core.verb:set package 'ekf_localization' build argument 'ament_cmake_args' from command line to 'None'
[0.147s] Level 5:colcon.colcon_core.verb:set package 'ekf_localization' build argument 'catkin_cmake_args' from command line to 'None'
[0.147s] Level 5:colcon.colcon_core.verb:set package 'ekf_localization' build argument 'catkin_skip_building_tests' from command line to 'False'
[0.147s] DEBUG:colcon.colcon_core.verb:Building package 'ekf_localization' with the following arguments: {'ament_cmake_args': None, 'build_base': '/home/devam/FYP_ROS2/build/ekf_localization', 'catkin_cmake_args': None, 'catkin_skip_building_tests': False, 'cmake_args': None, 'cmake_clean_cache': False, 'cmake_clean_first': False, 'cmake_force_configure': False, 'cmake_target': None, 'cmake_target_skip_unavailable': False, 'install_base': '/home/devam/FYP_ROS2/install/ekf_localization', 'merge_install': False, 'path': '/home/devam/FYP_ROS2/src/ekf_localization', 'symlink_install': True, 'test_result_base': None}
[0.147s] Level 5:colcon.colcon_core.verb:set package 'ekf_slam' build argument 'cmake_args' from command line to 'None'
[0.147s] Level 5:colcon.colcon_core.verb:set package 'ekf_slam' build argument 'cmake_target' from command line to 'None'
[0.147s] Level 5:colcon.colcon_core.verb:set package 'ekf_slam' build argument 'cmake_target_skip_unavailable' from command line to 'False'
[0.147s] Level 5:colcon.colcon_core.verb:set package 'ekf_slam' build argument 'cmake_clean_cache' from command line to 'False'
[0.147s] Level 5:colcon.colcon_core.verb:set package 'ekf_slam' build argument 'cmake_clean_first' from command line to 'False'
[0.147s] Level 5:colcon.colcon_core.verb:set package 'ekf_slam' build argument 'cmake_force_configure' from command line to 'False'
[0.147s] Level 5:colcon.colcon_core.verb:set package 'ekf_slam' build argument 'ament_cmake_args' from command line to 'None'
[0.147s] Level 5:colcon.colcon_core.verb:set package 'ekf_slam' build argument 'catkin_cmake_args' from command line to 'None'
[0.147s] Level 5:colcon.colcon_core.verb:set package 'ekf_slam' build argument 'catkin_skip_building_tests' from command line to 'False'
[0.147s] DEBUG:colcon.colcon_core.verb:Building package 'ekf_slam' with the following arguments: {'ament_cmake_args': None, 'build_base': '/home/devam/FYP_ROS2/build/ekf_slam', 'catkin_cmake_args': None, 'catkin_skip_building_tests': False, 'cmake_args': None, 'cmake_clean_cache': False, 'cmake_clean_first': False, 'cmake_force_configure': False, 'cmake_target': None, 'cmake_target_skip_unavailable': False, 'install_base': '/home/devam/FYP_ROS2/install/ekf_slam', 'merge_install': False, 'path': '/home/devam/FYP_ROS2/src/ekf_slam', 'symlink_install': True, 'test_result_base': None}
[0.147s] Level 5:colcon.colcon_core.verb:set package 'occ_map_creator' build argument 'cmake_args' from command line to 'None'
[0.147s] Level 5:colcon.colcon_core.verb:set package 'occ_map_creator' build argument 'cmake_target' from command line to 'None'
[0.147s] Level 5:colcon.colcon_core.verb:set package 'occ_map_creator' build argument 'cmake_target_skip_unavailable' from command line to 'False'
[0.147s] Level 5:colcon.colcon_core.verb:set package 'occ_map_creator' build argument 'cmake_clean_cache' from command line to 'False'
[0.147s] Level 5:colcon.colcon_core.verb:set package 'occ_map_creator' build argument 'cmake_clean_first' from command line to 'False'
[0.147s] Level 5:colcon.colcon_core.verb:set package 'occ_map_creator' build argument 'cmake_force_configure' from command line to 'False'
[0.147s] Level 5:colcon.colcon_core.verb:set package 'occ_map_creator' build argument 'ament_cmake_args' from command line to 'None'
[0.147s] Level 5:colcon.colcon_core.verb:set package 'occ_map_creator' build argument 'catkin_cmake_args' from command line to 'None'
[0.147s] Level 5:colcon.colcon_core.verb:set package 'occ_map_creator' build argument 'catkin_skip_building_tests' from command line to 'False'
[0.147s] DEBUG:colcon.colcon_core.verb:Building package 'occ_map_creator' with the following arguments: {'ament_cmake_args': None, 'build_base': '/home/devam/FYP_ROS2/build/occ_map_creator', 'catkin_cmake_args': None, 'catkin_skip_building_tests': False, 'cmake_args': None, 'cmake_clean_cache': False, 'cmake_clean_first': False, 'cmake_force_configure': False, 'cmake_target': None, 'cmake_target_skip_unavailable': False, 'install_base': '/home/devam/FYP_ROS2/install/occ_map_creator', 'merge_install': False, 'path': '/home/devam/FYP_ROS2/src/occ_map_creator', 'symlink_install': True, 'test_result_base': None}
[0.147s] INFO:colcon.colcon_core.executor:Executing jobs using 'parallel' executor
[0.148s] DEBUG:colcon.colcon_parallel_executor.executor.parallel:run_until_complete
[0.148s] INFO:colcon.colcon_ros.task.ament_python.build:Building ROS package in '/home/devam/FYP_ROS2/src/ekf_localization' with build type 'ament_python'
[0.148s] Level 1:colcon.colcon_core.shell:create_environment_hook('ekf_localization', 'ament_prefix_path')
[0.149s] INFO:colcon.colcon_core.plugin_system:Skipping extension 'colcon_core.shell.bat': Not used on non-Windows systems
[0.149s] INFO:colcon.colcon_core.shell:Creating environment hook '/home/devam/FYP_ROS2/install/ekf_localization/share/ekf_localization/hook/ament_prefix_path.ps1'
[0.150s] INFO:colcon.colcon_core.shell:Creating environment descriptor '/home/devam/FYP_ROS2/install/ekf_localization/share/ekf_localization/hook/ament_prefix_path.dsv'
[0.150s] INFO:colcon.colcon_core.shell:Creating environment hook '/home/devam/FYP_ROS2/install/ekf_localization/share/ekf_localization/hook/ament_prefix_path.sh'
[0.150s] INFO:colcon.colcon_core.shell:Skip shell extension 'powershell' for command environment: Not usable outside of PowerShell
[0.150s] DEBUG:colcon.colcon_core.shell:Skip shell extension 'dsv' for command environment
[0.153s] INFO:colcon.colcon_ros.task.ament_python.build:Building ROS package in '/home/devam/FYP_ROS2/src/ekf_slam' with build type 'ament_python'
[0.153s] Level 1:colcon.colcon_core.shell:create_environment_hook('ekf_slam', 'ament_prefix_path')
[0.153s] INFO:colcon.colcon_core.shell:Creating environment hook '/home/devam/FYP_ROS2/install/ekf_slam/share/ekf_slam/hook/ament_prefix_path.ps1'
[0.153s] INFO:colcon.colcon_core.shell:Creating environment descriptor '/home/devam/FYP_ROS2/install/ekf_slam/share/ekf_slam/hook/ament_prefix_path.dsv'
[0.154s] INFO:colcon.colcon_core.shell:Creating environment hook '/home/devam/FYP_ROS2/install/ekf_slam/share/ekf_slam/hook/ament_prefix_path.sh'
[0.154s] INFO:colcon.colcon_core.shell:Skip shell extension 'powershell' for command environment: Not usable outside of PowerShell
[0.154s] DEBUG:colcon.colcon_core.shell:Skip shell extension 'dsv' for command environment
[0.156s] INFO:colcon.colcon_ros.task.ament_python.build:Building ROS package in '/home/devam/FYP_ROS2/src/occ_map_creator' with build type 'ament_python'
[0.156s] Level 1:colcon.colcon_core.shell:create_environment_hook('occ_map_creator', 'ament_prefix_path')
[0.156s] INFO:colcon.colcon_core.shell:Creating environment hook '/home/devam/FYP_ROS2/install/occ_map_creator/share/occ_map_creator/hook/ament_prefix_path.ps1'
[0.157s] INFO:colcon.colcon_core.shell:Creating environment descriptor '/home/devam/FYP_ROS2/install/occ_map_creator/share/occ_map_creator/hook/ament_prefix_path.dsv'
[0.157s] INFO:colcon.colcon_core.shell:Creating environment hook '/home/devam/FYP_ROS2/install/occ_map_creator/share/occ_map_creator/hook/ament_prefix_path.sh'
[0.157s] INFO:colcon.colcon_core.shell:Skip shell extension 'powershell' for command environment: Not usable outside of PowerShell
[0.157s] DEBUG:colcon.colcon_core.shell:Skip shell extension 'dsv' for command environment
[0.278s] INFO:colcon.colcon_core.task.python.build:Building Python package in '/home/devam/FYP_ROS2/src/ekf_localization'
[0.278s] INFO:colcon.colcon_core.shell:Skip shell extension 'powershell' for command environment: Not usable outside of PowerShell
[0.278s] DEBUG:colcon.colcon_core.shell:Skip shell extension 'dsv' for command environment
[0.384s] INFO:colcon.colcon_core.task.python.build:Building Python package in '/home/devam/FYP_ROS2/src/ekf_slam'
[0.384s] INFO:colcon.colcon_core.shell:Skip shell extension 'powershell' for command environment: Not usable outside of PowerShell
[0.384s] DEBUG:colcon.colcon_core.shell:Skip shell extension 'dsv' for command environment
[0.511s] INFO:colcon.colcon_core.task.python.build:Building Python package in '/home/devam/FYP_ROS2/src/occ_map_creator'
[0.512s] INFO:colcon.colcon_core.shell:Skip shell extension 'powershell' for command environment: Not usable outside of PowerShell
[0.512s] DEBUG:colcon.colcon_core.shell:Skip shell extension 'dsv' for command environment
[0.804s] DEBUG:colcon.colcon_core.task.python.build:While undoing a previous installation files outside the Python library path are being ignored: /home/devam/FYP_ROS2/install/occ_map_creator/share/ament_index/resource_index/packages/occ_map_creator
[0.804s] DEBUG:colcon.colcon_core.task.python.build:While undoing a previous installation files outside the Python library path are being ignored: /home/devam/FYP_ROS2/install/occ_map_creator/share/occ_map_creator/package.xml
[0.806s] DEBUG:colcon.colcon_core.event_handler.log_command:Invoking command in '/home/devam/FYP_ROS2/build/occ_map_creator': PYTHONPATH=/home/devam/FYP_ROS2/build/occ_map_creator/prefix_override:/usr/lib/python3/dist-packages/colcon_core/task/python/colcon_distutils_commands:/home/devam/FYP_ROS2/install/occ_map_creator/lib/python3.10/site-packages:${PYTHONPATH} /usr/bin/python3 -W ignore:setup.py install is deprecated -W ignore:easy_install command is deprecated setup.py develop --editable --build-directory /home/devam/FYP_ROS2/build/occ_map_creator/build --no-deps symlink_data --force
[0.808s] DEBUG:colcon.colcon_core.task.python.build:While undoing a previous installation files outside the Python library path are being ignored: /home/devam/FYP_ROS2/install/ekf_slam/share/ament_index/resource_index/packages/ekf_slam
[0.808s] DEBUG:colcon.colcon_core.task.python.build:While undoing a previous installation files outside the Python library path are being ignored: /home/devam/FYP_ROS2/install/ekf_slam/share/ekf_slam/package.xml
[0.808s] DEBUG:colcon.colcon_core.task.python.build:While undoing a previous installation files outside the Python library path are being ignored: /home/devam/FYP_ROS2/install/ekf_slam/lib/ekf_slam/ekf_slam
[0.808s] DEBUG:colcon.colcon_core.task.python.build:While undoing a previous installation files outside the Python library path are being ignored: /home/devam/FYP_ROS2/install/ekf_slam/lib/ekf_slam/ekf_slam_2
[0.808s] DEBUG:colcon.colcon_core.task.python.build:While undoing a previous installation files outside the Python library path are being ignored: /home/devam/FYP_ROS2/install/ekf_slam/lib/ekf_slam/ekf_slam_3
[0.809s] DEBUG:colcon.colcon_core.event_handler.log_command:Invoking command in '/home/devam/FYP_ROS2/build/ekf_slam': PYTHONPATH=/home/devam/FYP_ROS2/build/ekf_slam/prefix_override:/usr/lib/python3/dist-packages/colcon_core/task/python/colcon_distutils_commands:/home/devam/FYP_ROS2/install/ekf_slam/lib/python3.10/site-packages:${PYTHONPATH} /usr/bin/python3 -W ignore:setup.py install is deprecated -W ignore:easy_install command is deprecated setup.py develop --editable --build-directory /home/devam/FYP_ROS2/build/ekf_slam/build --no-deps symlink_data --force
[0.856s] DEBUG:colcon.colcon_core.task.python.build:While undoing a previous installation files outside the Python library path are being ignored: /home/devam/FYP_ROS2/install/ekf_localization/share/ament_index/resource_index/packages/ekf_localization
[0.856s] DEBUG:colcon.colcon_core.task.python.build:While undoing a previous installation files outside the Python library path are being ignored: /home/devam/FYP_ROS2/install/ekf_localization/share/ekf_localization/package.xml
[0.856s] DEBUG:colcon.colcon_core.task.python.build:While undoing a previous installation files outside the Python library path are being ignored: /home/devam/FYP_ROS2/install/ekf_localization/share/ekf_localization/launch/ekf_localization.launch.py
[0.856s] DEBUG:colcon.colcon_core.task.python.build:While undoing a previous installation files outside the Python library path are being ignored: /home/devam/FYP_ROS2/install/ekf_localization/lib/ekf_localization/ekf_vyom
[0.856s] DEBUG:colcon.colcon_core.task.python.build:While undoing a previous installation files outside the Python library path are being ignored: /home/devam/FYP_ROS2/install/ekf_localization/lib/ekf_localization/lidar_sub
[0.856s] DEBUG:colcon.colcon_core.task.python.build:While undoing a previous installation files outside the Python library path are being ignored: /home/devam/FYP_ROS2/install/ekf_localization/lib/ekf_localization/localization
[0.856s] DEBUG:colcon.colcon_core.task.python.build:While undoing a previous installation files outside the Python library path are being ignored: /home/devam/FYP_ROS2/install/ekf_localization/lib/ekf_localization/map_reader
[0.856s] DEBUG:colcon.colcon_core.task.python.build:While undoing a previous installation files outside the Python library path are being ignored: /home/devam/FYP_ROS2/install/ekf_localization/lib/ekf_localization/map_rot
[0.856s] DEBUG:colcon.colcon_core.task.python.build:While undoing a previous installation files outside the Python library path are being ignored: /home/devam/FYP_ROS2/install/ekf_localization/lib/ekf_localization/map_sub
[0.856s] DEBUG:colcon.colcon_core.task.python.build:While undoing a previous installation files outside the Python library path are being ignored: /home/devam/FYP_ROS2/install/ekf_localization/lib/ekf_localization/odom_sub
[0.856s] DEBUG:colcon.colcon_core.task.python.build:While undoing a previous installation files outside the Python library path are being ignored: /home/devam/FYP_ROS2/install/ekf_localization/lib/ekf_localization/test_pub
[0.856s] DEBUG:colcon.colcon_core.task.python.build:While undoing a previous installation files outside the Python library path are being ignored: /home/devam/FYP_ROS2/install/ekf_localization/lib/ekf_localization/test_pubsub
[0.856s] DEBUG:colcon.colcon_core.task.python.build:While undoing a previous installation files outside the Python library path are being ignored: /home/devam/FYP_ROS2/install/ekf_localization/lib/ekf_localization/test_sub
[0.858s] DEBUG:colcon.colcon_core.event_handler.log_command:Invoking command in '/home/devam/FYP_ROS2/build/ekf_localization': PYTHONPATH=/home/devam/FYP_ROS2/build/ekf_localization/prefix_override:/usr/lib/python3/dist-packages/colcon_core/task/python/colcon_distutils_commands:/home/devam/FYP_ROS2/install/ekf_localization/lib/python3.10/site-packages:${PYTHONPATH} /usr/bin/python3 -W ignore:setup.py install is deprecated -W ignore:easy_install command is deprecated setup.py develop --editable --build-directory /home/devam/FYP_ROS2/build/ekf_localization/build --no-deps symlink_data --force
[1.153s] Level 1:colcon.colcon_core.shell:create_environment_hook('ekf_slam', 'pythonpath_develop')
[1.154s] DEBUG:colcon.colcon_core.event_handler.log_command:Invoked command in '/home/devam/FYP_ROS2/build/ekf_slam' returned '0': PYTHONPATH=/home/devam/FYP_ROS2/build/ekf_slam/prefix_override:/usr/lib/python3/dist-packages/colcon_core/task/python/colcon_distutils_commands:/home/devam/FYP_ROS2/install/ekf_slam/lib/python3.10/site-packages:${PYTHONPATH} /usr/bin/python3 -W ignore:setup.py install is deprecated -W ignore:easy_install command is deprecated setup.py develop --editable --build-directory /home/devam/FYP_ROS2/build/ekf_slam/build --no-deps symlink_data --force
[1.154s] INFO:colcon.colcon_core.shell:Creating environment hook '/home/devam/FYP_ROS2/build/ekf_slam/share/ekf_slam/hook/pythonpath_develop.ps1'
[1.154s] INFO:colcon.colcon_core.shell:Creating environment descriptor '/home/devam/FYP_ROS2/build/ekf_slam/share/ekf_slam/hook/pythonpath_develop.dsv'
[1.155s] INFO:colcon.colcon_core.shell:Creating environment hook '/home/devam/FYP_ROS2/build/ekf_slam/share/ekf_slam/hook/pythonpath_develop.sh'
[1.156s] Level 1:colcon.colcon_core.environment:checking '/home/devam/FYP_ROS2/install/ekf_slam' for CMake module files
[1.156s] Level 1:colcon.colcon_core.environment:checking '/home/devam/FYP_ROS2/install/ekf_slam' for CMake config files
[1.156s] Level 1:colcon.colcon_core.environment:checking '/home/devam/FYP_ROS2/install/ekf_slam/lib'
[1.156s] Level 1:colcon.colcon_core.environment:checking '/home/devam/FYP_ROS2/install/ekf_slam/bin'
[1.156s] Level 1:colcon.colcon_core.environment:checking '/home/devam/FYP_ROS2/install/ekf_slam/lib/pkgconfig/ekf_slam.pc'
[1.157s] Level 1:colcon.colcon_core.environment:checking '/home/devam/FYP_ROS2/install/ekf_slam/lib/python3.10/site-packages'
[1.157s] Level 1:colcon.colcon_core.shell:create_environment_hook('ekf_slam', 'pythonpath')
[1.157s] INFO:colcon.colcon_core.shell:Creating environment hook '/home/devam/FYP_ROS2/install/ekf_slam/share/ekf_slam/hook/pythonpath.ps1'
[1.157s] INFO:colcon.colcon_core.shell:Creating environment descriptor '/home/devam/FYP_ROS2/install/ekf_slam/share/ekf_slam/hook/pythonpath.dsv'
[1.157s] INFO:colcon.colcon_core.shell:Creating environment hook '/home/devam/FYP_ROS2/install/ekf_slam/share/ekf_slam/hook/pythonpath.sh'
[1.157s] Level 1:colcon.colcon_core.environment:checking '/home/devam/FYP_ROS2/install/ekf_slam/bin'
[1.157s] Level 1:colcon.colcon_core.environment:create_environment_scripts_only(ekf_slam)
[1.157s] INFO:colcon.colcon_core.shell:Creating package script '/home/devam/FYP_ROS2/install/ekf_slam/share/ekf_slam/package.ps1'
[1.158s] INFO:colcon.colcon_core.shell:Creating package descriptor '/home/devam/FYP_ROS2/install/ekf_slam/share/ekf_slam/package.dsv'
[1.158s] INFO:colcon.colcon_core.shell:Creating package script '/home/devam/FYP_ROS2/install/ekf_slam/share/ekf_slam/package.sh'
[1.158s] INFO:colcon.colcon_core.shell:Creating package script '/home/devam/FYP_ROS2/install/ekf_slam/share/ekf_slam/package.bash'
[1.159s] INFO:colcon.colcon_core.shell:Creating package script '/home/devam/FYP_ROS2/install/ekf_slam/share/ekf_slam/package.zsh'
[1.159s] Level 1:colcon.colcon_core.environment:create_file_with_runtime_dependencies(/home/devam/FYP_ROS2/install/ekf_slam/share/colcon-core/packages/ekf_slam)
[1.218s] Level 1:colcon.colcon_core.shell:create_environment_hook('occ_map_creator', 'pythonpath_develop')
[1.218s] INFO:colcon.colcon_core.shell:Creating environment hook '/home/devam/FYP_ROS2/build/occ_map_creator/share/occ_map_creator/hook/pythonpath_develop.ps1'
[1.218s] DEBUG:colcon.colcon_core.event_handler.log_command:Invoked command in '/home/devam/FYP_ROS2/build/occ_map_creator' returned '0': PYTHONPATH=/home/devam/FYP_ROS2/build/occ_map_creator/prefix_override:/usr/lib/python3/dist-packages/colcon_core/task/python/colcon_distutils_commands:/home/devam/FYP_ROS2/install/occ_map_creator/lib/python3.10/site-packages:${PYTHONPATH} /usr/bin/python3 -W ignore:setup.py install is deprecated -W ignore:easy_install command is deprecated setup.py develop --editable --build-directory /home/devam/FYP_ROS2/build/occ_map_creator/build --no-deps symlink_data --force
[1.219s] INFO:colcon.colcon_core.shell:Creating environment descriptor '/home/devam/FYP_ROS2/build/occ_map_creator/share/occ_map_creator/hook/pythonpath_develop.dsv'
[1.219s] INFO:colcon.colcon_core.shell:Creating environment hook '/home/devam/FYP_ROS2/build/occ_map_creator/share/occ_map_creator/hook/pythonpath_develop.sh'
[1.219s] Level 1:colcon.colcon_core.environment:checking '/home/devam/FYP_ROS2/install/occ_map_creator' for CMake module files
[1.219s] Level 1:colcon.colcon_core.environment:checking '/home/devam/FYP_ROS2/install/occ_map_creator' for CMake config files
[1.219s] Level 1:colcon.colcon_core.environment:checking '/home/devam/FYP_ROS2/install/occ_map_creator/lib'
[1.219s] Level 1:colcon.colcon_core.environment:checking '/home/devam/FYP_ROS2/install/occ_map_creator/bin'
[1.219s] Level 1:colcon.colcon_core.environment:checking '/home/devam/FYP_ROS2/install/occ_map_creator/lib/pkgconfig/occ_map_creator.pc'
[1.220s] Level 1:colcon.colcon_core.environment:checking '/home/devam/FYP_ROS2/install/occ_map_creator/lib/python3.10/site-packages'
[1.220s] Level 1:colcon.colcon_core.shell:create_environment_hook('occ_map_creator', 'pythonpath')
[1.220s] INFO:colcon.colcon_core.shell:Creating environment hook '/home/devam/FYP_ROS2/install/occ_map_creator/share/occ_map_creator/hook/pythonpath.ps1'
[1.220s] INFO:colcon.colcon_core.shell:Creating environment descriptor '/home/devam/FYP_ROS2/install/occ_map_creator/share/occ_map_creator/hook/pythonpath.dsv'
[1.220s] INFO:colcon.colcon_core.shell:Creating environment hook '/home/devam/FYP_ROS2/install/occ_map_creator/share/occ_map_creator/hook/pythonpath.sh'
[1.220s] Level 1:colcon.colcon_core.environment:checking '/home/devam/FYP_ROS2/install/occ_map_creator/bin'
[1.220s] Level 1:colcon.colcon_core.environment:create_environment_scripts_only(occ_map_creator)
[1.220s] INFO:colcon.colcon_core.shell:Creating package script '/home/devam/FYP_ROS2/install/occ_map_creator/share/occ_map_creator/package.ps1'
[1.221s] INFO:colcon.colcon_core.shell:Creating package descriptor '/home/devam/FYP_ROS2/install/occ_map_creator/share/occ_map_creator/package.dsv'
[1.221s] INFO:colcon.colcon_core.shell:Creating package script '/home/devam/FYP_ROS2/install/occ_map_creator/share/occ_map_creator/package.sh'
[1.221s] INFO:colcon.colcon_core.shell:Creating package script '/home/devam/FYP_ROS2/install/occ_map_creator/share/occ_map_creator/package.bash'
[1.221s] INFO:colcon.colcon_core.shell:Creating package script '/home/devam/FYP_ROS2/install/occ_map_creator/share/occ_map_creator/package.zsh'
[1.221s] Level 1:colcon.colcon_core.environment:create_file_with_runtime_dependencies(/home/devam/FYP_ROS2/install/occ_map_creator/share/colcon-core/packages/occ_map_creator)
[1.256s] Level 1:colcon.colcon_core.shell:create_environment_hook('ekf_localization', 'pythonpath_develop')
[1.257s] DEBUG:colcon.colcon_core.event_handler.log_command:Invoked command in '/home/devam/FYP_ROS2/build/ekf_localization' returned '0': PYTHONPATH=/home/devam/FYP_ROS2/build/ekf_localization/prefix_override:/usr/lib/python3/dist-packages/colcon_core/task/python/colcon_distutils_commands:/home/devam/FYP_ROS2/install/ekf_localization/lib/python3.10/site-packages:${PYTHONPATH} /usr/bin/python3 -W ignore:setup.py install is deprecated -W ignore:easy_install command is deprecated setup.py develop --editable --build-directory /home/devam/FYP_ROS2/build/ekf_localization/build --no-deps symlink_data --force
[1.257s] INFO:colcon.colcon_core.shell:Creating environment hook '/home/devam/FYP_ROS2/build/ekf_localization/share/ekf_localization/hook/pythonpath_develop.ps1'
[1.257s] INFO:colcon.colcon_core.shell:Creating environment descriptor '/home/devam/FYP_ROS2/build/ekf_localization/share/ekf_localization/hook/pythonpath_develop.dsv'
[1.257s] INFO:colcon.colcon_core.shell:Creating environment hook '/home/devam/FYP_ROS2/build/ekf_localization/share/ekf_localization/hook/pythonpath_develop.sh'
[1.258s] Level 1:colcon.colcon_core.environment:checking '/home/devam/FYP_ROS2/install/ekf_localization' for CMake module files
[1.258s] Level 1:colcon.colcon_core.environment:checking '/home/devam/FYP_ROS2/install/ekf_localization' for CMake config files
[1.258s] Level 1:colcon.colcon_core.environment:checking '/home/devam/FYP_ROS2/install/ekf_localization/lib'
[1.258s] Level 1:colcon.colcon_core.environment:checking '/home/devam/FYP_ROS2/install/ekf_localization/bin'
[1.258s] Level 1:colcon.colcon_core.environment:checking '/home/devam/FYP_ROS2/install/ekf_localization/lib/pkgconfig/ekf_localization.pc'
[1.258s] Level 1:colcon.colcon_core.environment:checking '/home/devam/FYP_ROS2/install/ekf_localization/lib/python3.10/site-packages'
[1.258s] Level 1:colcon.colcon_core.shell:create_environment_hook('ekf_localization', 'pythonpath')
[1.258s] INFO:colcon.colcon_core.shell:Creating environment hook '/home/devam/FYP_ROS2/install/ekf_localization/share/ekf_localization/hook/pythonpath.ps1'
[1.259s] INFO:colcon.colcon_core.shell:Creating environment descriptor '/home/devam/FYP_ROS2/install/ekf_localization/share/ekf_localization/hook/pythonpath.dsv'
[1.259s] INFO:colcon.colcon_core.shell:Creating environment hook '/home/devam/FYP_ROS2/install/ekf_localization/share/ekf_localization/hook/pythonpath.sh'
[1.259s] Level 1:colcon.colcon_core.environment:checking '/home/devam/FYP_ROS2/install/ekf_localization/bin'
[1.259s] Level 1:colcon.colcon_core.environment:create_environment_scripts_only(ekf_localization)
[1.259s] INFO:colcon.colcon_core.shell:Creating package script '/home/devam/FYP_ROS2/install/ekf_localization/share/ekf_localization/package.ps1'
[1.259s] INFO:colcon.colcon_core.shell:Creating package descriptor '/home/devam/FYP_ROS2/install/ekf_localization/share/ekf_localization/package.dsv'
[1.260s] INFO:colcon.colcon_core.shell:Creating package script '/home/devam/FYP_ROS2/install/ekf_localization/share/ekf_localization/package.sh'
[1.260s] INFO:colcon.colcon_core.shell:Creating package script '/home/devam/FYP_ROS2/install/ekf_localization/share/ekf_localization/package.bash'
[1.260s] INFO:colcon.colcon_core.shell:Creating package script '/home/devam/FYP_ROS2/install/ekf_localization/share/ekf_localization/package.zsh'
[1.260s] Level 1:colcon.colcon_core.environment:create_file_with_runtime_dependencies(/home/devam/FYP_ROS2/install/ekf_localization/share/colcon-core/packages/ekf_localization)
[1.260s] DEBUG:colcon.colcon_parallel_executor.executor.parallel:closing loop
[1.260s] DEBUG:colcon.colcon_parallel_executor.executor.parallel:loop closed
[1.260s] DEBUG:colcon.colcon_parallel_executor.executor.parallel:run_until_complete finished with '0'
[1.260s] DEBUG:colcon.colcon_core.event_reactor:joining thread
[1.263s] INFO:colcon.colcon_core.plugin_system:Skipping extension 'colcon_notification.desktop_notification.terminal_notifier': Not used on non-Darwin systems
[1.263s] INFO:colcon.colcon_core.plugin_system:Skipping extension 'colcon_notification.desktop_notification.win32': Not used on non-Windows systems
[1.263s] INFO:colcon.colcon_notification.desktop_notification:Sending desktop notification using 'notify2'
[1.270s] DEBUG:colcon.colcon_core.event_reactor:joined thread
[1.270s] INFO:colcon.colcon_core.shell:Creating prefix script '/home/devam/FYP_ROS2/install/local_setup.ps1'
[1.271s] INFO:colcon.colcon_core.shell:Creating prefix util module '/home/devam/FYP_ROS2/install/_local_setup_util_ps1.py'
[1.272s] INFO:colcon.colcon_core.shell:Creating prefix chain script '/home/devam/FYP_ROS2/install/setup.ps1'
[1.272s] INFO:colcon.colcon_core.shell:Creating prefix script '/home/devam/FYP_ROS2/install/local_setup.sh'
[1.272s] INFO:colcon.colcon_core.shell:Creating prefix util module '/home/devam/FYP_ROS2/install/_local_setup_util_sh.py'
[1.273s] INFO:colcon.colcon_core.shell:Creating prefix chain script '/home/devam/FYP_ROS2/install/setup.sh'
[1.273s] INFO:colcon.colcon_core.shell:Creating prefix script '/home/devam/FYP_ROS2/install/local_setup.bash'
[1.273s] INFO:colcon.colcon_core.shell:Creating prefix chain script '/home/devam/FYP_ROS2/install/setup.bash'
[1.274s] INFO:colcon.colcon_core.shell:Creating prefix script '/home/devam/FYP_ROS2/install/local_setup.zsh'
[1.274s] INFO:colcon.colcon_core.shell:Creating prefix chain script '/home/devam/FYP_ROS2/install/setup.zsh'
