[0.560s] Invoking command in '/home/devam/FYP_ROS2/build/ekf_localization': PYTHONPATH=/home/devam/FYP_ROS2/build/ekf_localization/prefix_override:/usr/lib/python3/dist-packages/colcon_core/task/python/colcon_distutils_commands:/home/devam/FYP_ROS2/install/ekf_localization/lib/python3.10/site-packages:${PYTHONPATH} /usr/bin/python3 -W ignore:setup.py install is deprecated -W ignore:easy_install command is deprecated setup.py develop --editable --build-directory /home/devam/FYP_ROS2/build/ekf_localization/build --no-deps symlink_data
[0.784s] running develop
[0.930s] running egg_info
[0.938s] writing ekf_localization.egg-info/PKG-INFO
[0.938s] writing dependency_links to ekf_localization.egg-info/dependency_links.txt
[0.939s] writing entry points to ekf_localization.egg-info/entry_points.txt
[0.939s] writing requirements to ekf_localization.egg-info/requires.txt
[0.939s] writing top-level names to ekf_localization.egg-info/top_level.txt
[0.956s] reading manifest file 'ekf_localization.egg-info/SOURCES.txt'
[0.957s] writing manifest file 'ekf_localization.egg-info/SOURCES.txt'
[0.966s] running build_ext
[0.966s] Creating /home/devam/FYP_ROS2/install/ekf_localization/lib/python3.10/site-packages/ekf-localization.egg-link (link to .)
[0.966s] Installing lidar_sub script to /home/devam/FYP_ROS2/install/ekf_localization/lib/ekf_localization
[0.966s] Installing localization script to /home/devam/FYP_ROS2/install/ekf_localization/lib/ekf_localization
[0.966s] Installing odom_sub script to /home/devam/FYP_ROS2/install/ekf_localization/lib/ekf_localization
[0.966s] Installing test_pub script to /home/devam/FYP_ROS2/install/ekf_localization/lib/ekf_localization
[0.966s] Installing test_pubsub script to /home/devam/FYP_ROS2/install/ekf_localization/lib/ekf_localization
[0.967s] Installing test_sub script to /home/devam/FYP_ROS2/install/ekf_localization/lib/ekf_localization
[0.967s] 
[0.967s] Installed /home/devam/FYP_ROS2/build/ekf_localization
[0.967s] running symlink_data
[0.967s] creating /home/devam/FYP_ROS2/install/ekf_localization/share/ekf_localization/launch
[0.967s] symbolically linking /home/devam/FYP_ROS2/build/ekf_localization/launch/ekf_localization.launch.py -> /home/devam/FYP_ROS2/install/ekf_localization/share/ekf_localization/launch
[0.988s] Invoked command in '/home/devam/FYP_ROS2/build/ekf_localization' returned '0': PYTHONPATH=/home/devam/FYP_ROS2/build/ekf_localization/prefix_override:/usr/lib/python3/dist-packages/colcon_core/task/python/colcon_distutils_commands:/home/devam/FYP_ROS2/install/ekf_localization/lib/python3.10/site-packages:${PYTHONPATH} /usr/bin/python3 -W ignore:setup.py install is deprecated -W ignore:easy_install command is deprecated setup.py develop --editable --build-directory /home/devam/FYP_ROS2/build/ekf_localization/build --no-deps symlink_data
