/home/devam/FYP_ROS2/install/ekf_slam/lib/python3.10/site-packages/ekf_slam/difference_estim.py
/home/devam/FYP_ROS2/install/ekf_slam/lib/python3.10/site-packages/ekf_slam/test_sub_mat_formn.py
/home/devam/FYP_ROS2/install/ekf_slam/lib/python3.10/site-packages/ekf_slam/ekf_slam_v_w.py
/home/devam/FYP_ROS2/install/ekf_slam/lib/python3.10/site-packages/ekf_slam/ekf_slam.py
/home/devam/FYP_ROS2/install/ekf_slam/lib/python3.10/site-packages/ekf_slam/__init__.py
/home/devam/FYP_ROS2/install/ekf_slam/lib/python3.10/site-packages/ekf_slam/test_cylin_pairs.py
/home/devam/FYP_ROS2/install/ekf_slam/lib/python3.10/site-packages/ekf_slam/ekf_slam_new_approach.py
/home/devam/FYP_ROS2/install/ekf_slam/lib/python3.10/site-packages/ekf_slam/__pycache__/difference_estim.cpython-310.pyc
/home/devam/FYP_ROS2/install/ekf_slam/lib/python3.10/site-packages/ekf_slam/__pycache__/test_sub_mat_formn.cpython-310.pyc
/home/devam/FYP_ROS2/install/ekf_slam/lib/python3.10/site-packages/ekf_slam/__pycache__/ekf_slam_v_w.cpython-310.pyc
/home/devam/FYP_ROS2/install/ekf_slam/lib/python3.10/site-packages/ekf_slam/__pycache__/ekf_slam.cpython-310.pyc
/home/devam/FYP_ROS2/install/ekf_slam/lib/python3.10/site-packages/ekf_slam/__pycache__/__init__.cpython-310.pyc
/home/devam/FYP_ROS2/install/ekf_slam/lib/python3.10/site-packages/ekf_slam/__pycache__/test_cylin_pairs.cpython-310.pyc
/home/devam/FYP_ROS2/install/ekf_slam/lib/python3.10/site-packages/ekf_slam/__pycache__/ekf_slam_new_approach.cpython-310.pyc
/home/devam/FYP_ROS2/install/ekf_slam/share/ament_index/resource_index/packages/ekf_slam
/home/devam/FYP_ROS2/install/ekf_slam/share/ekf_slam/package.xml
/home/devam/FYP_ROS2/install/ekf_slam/share/ekf_slam/launch/ekf_slam.launch.py
/home/devam/FYP_ROS2/install/ekf_slam/lib/python3.10/site-packages/ekf_slam-0.0.0-py3.10.egg-info/top_level.txt
/home/devam/FYP_ROS2/install/ekf_slam/lib/python3.10/site-packages/ekf_slam-0.0.0-py3.10.egg-info/PKG-INFO
/home/devam/FYP_ROS2/install/ekf_slam/lib/python3.10/site-packages/ekf_slam-0.0.0-py3.10.egg-info/entry_points.txt
/home/devam/FYP_ROS2/install/ekf_slam/lib/python3.10/site-packages/ekf_slam-0.0.0-py3.10.egg-info/SOURCES.txt
/home/devam/FYP_ROS2/install/ekf_slam/lib/python3.10/site-packages/ekf_slam-0.0.0-py3.10.egg-info/requires.txt
/home/devam/FYP_ROS2/install/ekf_slam/lib/python3.10/site-packages/ekf_slam-0.0.0-py3.10.egg-info/dependency_links.txt
/home/devam/FYP_ROS2/install/ekf_slam/lib/python3.10/site-packages/ekf_slam-0.0.0-py3.10.egg-info/zip-safe
/home/devam/FYP_ROS2/install/ekf_slam/lib/ekf_slam/ekf_slam
/home/devam/FYP_ROS2/install/ekf_slam/lib/ekf_slam/ekf_slam_2
/home/devam/FYP_ROS2/install/ekf_slam/lib/ekf_slam/ekf_slam_3
