[0.819s] Invoking command in '/home/devam/FYP_ROS2/build/ekf_localization': PYTHONPATH=/home/devam/FYP_ROS2/build/ekf_localization/prefix_override:/usr/lib/python3/dist-packages/colcon_core/task/python/colcon_distutils_commands:/home/devam/FYP_ROS2/install/ekf_localization/lib/python3.10/site-packages:${PYTHONPATH} /usr/bin/python3 -W ignore:setup.py install is deprecated -W ignore:easy_install command is deprecated setup.py develop --editable --build-directory /home/devam/FYP_ROS2/build/ekf_localization/build --no-deps symlink_data
[1.063s] running develop
[1.228s] running egg_info
[1.237s] writing ekf_localization.egg-info/PKG-INFO
[1.237s] writing dependency_links to ekf_localization.egg-info/dependency_links.txt
[1.238s] writing entry points to ekf_localization.egg-info/entry_points.txt
[1.238s] writing requirements to ekf_localization.egg-info/requires.txt
[1.238s] writing top-level names to ekf_localization.egg-info/top_level.txt
[1.257s] reading manifest file 'ekf_localization.egg-info/SOURCES.txt'
[1.258s] writing manifest file 'ekf_localization.egg-info/SOURCES.txt'
[1.268s] running build_ext
[1.268s] Creating /home/devam/FYP_ROS2/install/ekf_localization/lib/python3.10/site-packages/ekf-localization.egg-link (link to .)
[1.268s] Installing lidar_sub script to /home/devam/FYP_ROS2/install/ekf_localization/lib/ekf_localization
[1.268s] Installing localization script to /home/devam/FYP_ROS2/install/ekf_localization/lib/ekf_localization
[1.269s] Installing map_reader script to /home/devam/FYP_ROS2/install/ekf_localization/lib/ekf_localization
[1.269s] Installing map_sub script to /home/devam/FYP_ROS2/install/ekf_localization/lib/ekf_localization
[1.269s] Installing odom_sub script to /home/devam/FYP_ROS2/install/ekf_localization/lib/ekf_localization
[1.269s] Installing test_pub script to /home/devam/FYP_ROS2/install/ekf_localization/lib/ekf_localization
[1.269s] Installing test_pubsub script to /home/devam/FYP_ROS2/install/ekf_localization/lib/ekf_localization
[1.269s] Installing test_sub script to /home/devam/FYP_ROS2/install/ekf_localization/lib/ekf_localization
[1.269s] 
[1.269s] Installed /home/devam/FYP_ROS2/build/ekf_localization
[1.269s] running symlink_data
[1.301s] Invoked command in '/home/devam/FYP_ROS2/build/ekf_localization' returned '0': PYTHONPATH=/home/devam/FYP_ROS2/build/ekf_localization/prefix_override:/usr/lib/python3/dist-packages/colcon_core/task/python/colcon_distutils_commands:/home/devam/FYP_ROS2/install/ekf_localization/lib/python3.10/site-packages:${PYTHONPATH} /usr/bin/python3 -W ignore:setup.py install is deprecated -W ignore:easy_install command is deprecated setup.py develop --editable --build-directory /home/devam/FYP_ROS2/build/ekf_localization/build --no-deps symlink_data
