[0.671s] Invoking command in '/home/devam/FYP_ROS2/src/ekf_localization': PYTHONPATH=/home/devam/FYP_ROS2/build/ekf_localization/prefix_override:/usr/lib/python3/dist-packages/colcon_core/task/python/colcon_distutils_commands:/home/devam/FYP_ROS2/install/ekf_localization/lib/python3.10/site-packages:${PYTHONPATH} /usr/bin/python3 -W ignore:setup.py install is deprecated -W ignore:easy_install command is deprecated setup.py egg_info --egg-base ../../build/ekf_localization build --build-base /home/devam/FYP_ROS2/build/ekf_localization/build install --record /home/devam/FYP_ROS2/build/ekf_localization/install.log --single-version-externally-managed install_data
[0.809s] running egg_info
[0.818s] writing ../../build/ekf_localization/ekf_localization.egg-info/PKG-INFO
[0.818s] writing dependency_links to ../../build/ekf_localization/ekf_localization.egg-info/dependency_links.txt
[0.818s] writing entry points to ../../build/ekf_localization/ekf_localization.egg-info/entry_points.txt
[0.818s] writing requirements to ../../build/ekf_localization/ekf_localization.egg-info/requires.txt
[0.818s] writing top-level names to ../../build/ekf_localization/ekf_localization.egg-info/top_level.txt
[0.836s] reading manifest file '../../build/ekf_localization/ekf_localization.egg-info/SOURCES.txt'
[0.836s] writing manifest file '../../build/ekf_localization/ekf_localization.egg-info/SOURCES.txt'
[0.837s] running build
[0.837s] running build_py
[0.837s] copying ekf_localization/map_sub.py -> /home/devam/FYP_ROS2/build/ekf_localization/build/lib/ekf_localization
[0.837s] copying ekf_localization/pub.py -> /home/devam/FYP_ROS2/build/ekf_localization/build/lib/ekf_localization
[0.837s] copying ekf_localization/lidar_sub.py -> /home/devam/FYP_ROS2/build/ekf_localization/build/lib/ekf_localization
[0.837s] copying ekf_localization/sub.py -> /home/devam/FYP_ROS2/build/ekf_localization/build/lib/ekf_localization
[0.837s] copying ekf_localization/__init__.py -> /home/devam/FYP_ROS2/build/ekf_localization/build/lib/ekf_localization
[0.837s] copying ekf_localization/tp.py -> /home/devam/FYP_ROS2/build/ekf_localization/build/lib/ekf_localization
[0.837s] copying ekf_localization/pubsub.py -> /home/devam/FYP_ROS2/build/ekf_localization/build/lib/ekf_localization
[0.837s] copying ekf_localization/ekf_localization.py -> /home/devam/FYP_ROS2/build/ekf_localization/build/lib/ekf_localization
[0.837s] copying ekf_localization/map_vis_transform.py -> /home/devam/FYP_ROS2/build/ekf_localization/build/lib/ekf_localization
[0.837s] copying ekf_localization/map_reader.py -> /home/devam/FYP_ROS2/build/ekf_localization/build/lib/ekf_localization
[0.837s] copying ekf_localization/odom_sub.py -> /home/devam/FYP_ROS2/build/ekf_localization/build/lib/ekf_localization
[0.837s] copying ekf_localization/ekf_loc_vyom.py -> /home/devam/FYP_ROS2/build/ekf_localization/build/lib/ekf_localization
[0.837s] running install
[0.840s] running install_lib
[0.849s] running install_data
[0.849s] copying resource/ekf_localization -> /home/devam/FYP_ROS2/install/ekf_localization/share/ament_index/resource_index/packages
[0.849s] copying package.xml -> /home/devam/FYP_ROS2/install/ekf_localization/share/ekf_localization
[0.849s] copying launch/ekf_localization.launch.py -> /home/devam/FYP_ROS2/install/ekf_localization/share/ekf_localization/launch
[0.849s] running install_egg_info
[0.858s] removing '/home/devam/FYP_ROS2/install/ekf_localization/lib/python3.10/site-packages/ekf_localization-0.0.0-py3.10.egg-info' (and everything under it)
[0.858s] Copying ../../build/ekf_localization/ekf_localization.egg-info to /home/devam/FYP_ROS2/install/ekf_localization/lib/python3.10/site-packages/ekf_localization-0.0.0-py3.10.egg-info
[0.859s] running install_scripts
[0.934s] Installing ekf_vyom script to /home/devam/FYP_ROS2/install/ekf_localization/lib/ekf_localization
[0.934s] Installing lidar_sub script to /home/devam/FYP_ROS2/install/ekf_localization/lib/ekf_localization
[0.934s] Installing localization script to /home/devam/FYP_ROS2/install/ekf_localization/lib/ekf_localization
[0.934s] Installing map_reader script to /home/devam/FYP_ROS2/install/ekf_localization/lib/ekf_localization
[0.934s] Installing map_rot script to /home/devam/FYP_ROS2/install/ekf_localization/lib/ekf_localization
[0.934s] Installing map_sub script to /home/devam/FYP_ROS2/install/ekf_localization/lib/ekf_localization
[0.934s] Installing odom_sub script to /home/devam/FYP_ROS2/install/ekf_localization/lib/ekf_localization
[0.934s] Installing test_pub script to /home/devam/FYP_ROS2/install/ekf_localization/lib/ekf_localization
[0.934s] Installing test_pubsub script to /home/devam/FYP_ROS2/install/ekf_localization/lib/ekf_localization
[0.935s] Installing test_sub script to /home/devam/FYP_ROS2/install/ekf_localization/lib/ekf_localization
[0.935s] writing list of installed files to '/home/devam/FYP_ROS2/build/ekf_localization/install.log'
[0.949s] Invoked command in '/home/devam/FYP_ROS2/src/ekf_localization' returned '0': PYTHONPATH=/home/devam/FYP_ROS2/build/ekf_localization/prefix_override:/usr/lib/python3/dist-packages/colcon_core/task/python/colcon_distutils_commands:/home/devam/FYP_ROS2/install/ekf_localization/lib/python3.10/site-packages:${PYTHONPATH} /usr/bin/python3 -W ignore:setup.py install is deprecated -W ignore:easy_install command is deprecated setup.py egg_info --egg-base ../../build/ekf_localization build --build-base /home/devam/FYP_ROS2/build/ekf_localization/build install --record /home/devam/FYP_ROS2/build/ekf_localization/install.log --single-version-externally-managed install_data
