[0.673s] Invoking command in '/home/devam/FYP_ROS2/src/occ_map_creator': PYTHONPATH=/home/devam/FYP_ROS2/build/occ_map_creator/prefix_override:/usr/lib/python3/dist-packages/colcon_core/task/python/colcon_distutils_commands:/home/devam/FYP_ROS2/install/occ_map_creator/lib/python3.10/site-packages:${PYTHONPATH} /usr/bin/python3 -W ignore:setup.py install is deprecated -W ignore:easy_install command is deprecated setup.py egg_info --egg-base ../../build/occ_map_creator build --build-base /home/devam/FYP_ROS2/build/occ_map_creator/build install --record /home/devam/FYP_ROS2/build/occ_map_creator/install.log --single-version-externally-managed install_data
[0.813s] running egg_info
[0.822s] writing ../../build/occ_map_creator/occ_map_creator.egg-info/PKG-INFO
[0.822s] writing dependency_links to ../../build/occ_map_creator/occ_map_creator.egg-info/dependency_links.txt
[0.822s] writing requirements to ../../build/occ_map_creator/occ_map_creator.egg-info/requires.txt
[0.822s] writing top-level names to ../../build/occ_map_creator/occ_map_creator.egg-info/top_level.txt
[0.840s] reading manifest file '../../build/occ_map_creator/occ_map_creator.egg-info/SOURCES.txt'
[0.840s] writing manifest file '../../build/occ_map_creator/occ_map_creator.egg-info/SOURCES.txt'
[0.840s] running build
[0.840s] running build_py
[0.841s] copying occ_map_creator/__init__.py -> /home/devam/FYP_ROS2/build/occ_map_creator/build/lib/occ_map_creator
[0.841s] running install
[0.843s] running install_lib
[0.852s] running install_data
[0.852s] copying resource/occ_map_creator -> /home/devam/FYP_ROS2/install/occ_map_creator/share/ament_index/resource_index/packages
[0.852s] copying package.xml -> /home/devam/FYP_ROS2/install/occ_map_creator/share/occ_map_creator
[0.852s] running install_egg_info
[0.861s] removing '/home/devam/FYP_ROS2/install/occ_map_creator/lib/python3.10/site-packages/occ_map_creator-0.0.0-py3.10.egg-info' (and everything under it)
[0.861s] Copying ../../build/occ_map_creator/occ_map_creator.egg-info to /home/devam/FYP_ROS2/install/occ_map_creator/lib/python3.10/site-packages/occ_map_creator-0.0.0-py3.10.egg-info
[0.861s] running install_scripts
[0.937s] writing list of installed files to '/home/devam/FYP_ROS2/build/occ_map_creator/install.log'
[0.950s] Invoked command in '/home/devam/FYP_ROS2/src/occ_map_creator' returned '0': PYTHONPATH=/home/devam/FYP_ROS2/build/occ_map_creator/prefix_override:/usr/lib/python3/dist-packages/colcon_core/task/python/colcon_distutils_commands:/home/devam/FYP_ROS2/install/occ_map_creator/lib/python3.10/site-packages:${PYTHONPATH} /usr/bin/python3 -W ignore:setup.py install is deprecated -W ignore:easy_install command is deprecated setup.py egg_info --egg-base ../../build/occ_map_creator build --build-base /home/devam/FYP_ROS2/build/occ_map_creator/build install --record /home/devam/FYP_ROS2/build/occ_map_creator/install.log --single-version-externally-managed install_data
